<?xml version="1.0" encoding="UTF-8"?>
<testng-results skipped="0" failed="0" ignored="6" total="14" passed="8">
  <reporter-output>
    <line>
      <![CDATA[<div style="display:block;margin-left:10px;"><div  class="teststeppass"><span class="teststeppass-label">T </span>Given get '/'</div><div  class="teststeppass"><span class="teststeppass-label">T </span>And assert 'loginpage.input.username' is visible</div><div style="display:block;margin-left:10px;"><div  class="pass"><span class="pass-label">P </span>Expected username input on Loginpage visible : Actual username input on Loginpage visible <a href="img/NavigateToStoryPage_kugh9gwucw0d11238.png" target="_blank">[View Screenshot]</a> </div></div><div  class="teststeppass"><span class="teststeppass-label">T </span>And assert 'loginpage.input.password' is visible</div><div style="display:block;margin-left:10px;"><div  class="pass"><span class="pass-label">P </span>Expected Password input on Loginpage visible : Actual Password input on Loginpage visible <a href="img/NavigateToStoryPage_1a3yqv1n2f6111239.png" target="_blank">[View Screenshot]</a> </div></div><div  class="teststeppass"><span class="teststeppass-label">T </span>And assert 'loginpage.heading.signon' is visible</div><div style="display:block;margin-left:10px;"><div  class="pass"><span class="pass-label">P </span>Expected signon heading visible : Actual signon heading visible <a href="img/NavigateToStoryPage_a05kdg0kfsay11240.png" target="_blank">[View Screenshot]</a> </div></div><div  class="teststeppass"><span class="teststeppass-label">T </span>And assert 'loginpage.heading.register' is visible</div><div style="display:block;margin-left:10px;"><div  class="pass"><span class="pass-label">P </span>Expected register heading visible : Actual register heading visible <a href="img/NavigateToStoryPage_zy5jytfjqxzg11241.png" target="_blank">[View Screenshot]</a> </div></div><div  class="teststeppass"><span class="teststeppass-label">T </span>And assert 'loginpage.heading.support' is visible</div><div style="display:block;margin-left:10px;"><div  class="pass"><span class="pass-label">P </span>Expected support heading visible : Actual support heading visible <a href="img/NavigateToStoryPage_1ooca63z9pt0u11242.png" target="_blank">[View Screenshot]</a> </div></div><div  class="teststeppass"><span class="teststeppass-label">T </span>And assert 'loginpage.heading.contact' is visible</div><div style="display:block;margin-left:10px;"><div  class="pass"><span class="pass-label">P </span>Expected By.xpath: //a[contains(text(),'CONTACT')] visible : Actual By.xpath: //a[contains(text(),'CONTACT')] visible <a href="img/NavigateToStoryPage_1cb96f3afxw0v11243.png" target="_blank">[View Screenshot]</a> </div></div><div  class="teststeppass"><span class="teststeppass-label">T </span>And assert 'loginpage.leftmenu.home' is visible</div><div style="display:block;margin-left:10px;"><div  class="pass"><span class="pass-label">P </span>Expected home left menu visible : Actual home left menu visible <a href="img/NavigateToStoryPage_1sd2ju51pfyu011244.png" target="_blank">[View Screenshot]</a> </div></div><div  class="teststeppass"><span class="teststeppass-label">T </span>And assert 'loginpage.leftmenu.flights' is visible</div><div style="display:block;margin-left:10px;"><div  class="pass"><span class="pass-label">P </span>Expected flights left menu visible : Actual flights left menu visible <a href="img/NavigateToStoryPage_7tleql75uyou11245.png" target="_blank">[View Screenshot]</a> </div></div></div>]]>
    </line>
    <line>
      <![CDATA[<div style="display:block;margin-left:10px;"><div  class="teststeppass"><span class="teststeppass-label">T </span>Given get '/'</div><div  class="teststeppass"><span class="teststeppass-label">T </span>Then login with 'guest' and 'guest'</div><div  class="teststeppass"><span class="teststeppass-label">T </span>Then logout from</div></div>]]>
    </line>
    <line>
      <![CDATA[<div style="display:block;margin-left:10px;"><div  class="teststeppass"><span class="teststeppass-label">T </span>Given get '/'</div><div  class="teststeppass"><span class="teststeppass-label">T </span>Then login with 'guest' and 'guest'</div></div>]]>
    </line>
    <line>
      <![CDATA[<div style="display:block;margin-left:10px;"><div  class="teststeppass"><span class="teststeppass-label">T </span>Given get '/'</div><div  class="teststeppass"><span class="teststeppass-label">T </span>Then login with invalid details ''${args[0]}''</div><div  class="teststeppass"><span class="teststeppass-label">T </span>And assert 'loginpage.heading.signon' is visible</div><div style="display:block;margin-left:10px;"><div  class="pass"><span class="pass-label">P </span>Expected signon heading visible : Actual signon heading visible <a href="img/LoginWithInvalidUsernameOrAndPassword_4pagbil1plvm11246.png" target="_blank">[View Screenshot]</a> </div></div><div  class="teststeppass"><span class="teststeppass-label">T </span>And assert 'DashBoard.link.signoff' is not visible</div><div style="display:block;margin-left:10px;"><div  class="pass"><span class="pass-label">P </span>Expected sign off link not visible : Actual sign off link not visible <a href="img/LoginWithInvalidUsernameOrAndPassword_nybhufxwj05i11247.png" target="_blank">[View Screenshot]</a> </div></div></div>]]>
    </line>
    <line>
      <![CDATA[<div style="display:block;margin-left:10px;"><div  class="teststeppass"><span class="teststeppass-label">T </span>Given get '/'</div><div  class="teststeppass"><span class="teststeppass-label">T </span>Then login with invalid details ''${args[0]}''</div><div  class="teststeppass"><span class="teststeppass-label">T </span>And assert 'loginpage.heading.signon' is visible</div><div style="display:block;margin-left:10px;"><div  class="pass"><span class="pass-label">P </span>Expected signon heading visible : Actual signon heading visible <a href="img/LoginWithInvalidUsernameOrAndPassword_fk10gp2irfr311248.png" target="_blank">[View Screenshot]</a> </div></div><div  class="teststeppass"><span class="teststeppass-label">T </span>And assert 'DashBoard.link.signoff' is not visible</div><div style="display:block;margin-left:10px;"><div  class="pass"><span class="pass-label">P </span>Expected sign off link not visible : Actual sign off link not visible <a href="img/LoginWithInvalidUsernameOrAndPassword_fl514rept4ry11249.png" target="_blank">[View Screenshot]</a> </div></div></div>]]>
    </line>
    <line>
      <![CDATA[<div style="display:block;margin-left:10px;"><div  class="teststeppass"><span class="teststeppass-label">T </span>Given get '/'</div><div  class="teststeppass"><span class="teststeppass-label">T </span>Then login with invalid details ''${args[0]}''</div><div  class="teststeppass"><span class="teststeppass-label">T </span>And assert 'loginpage.heading.signon' is visible</div><div style="display:block;margin-left:10px;"><div  class="pass"><span class="pass-label">P </span>Expected signon heading visible : Actual signon heading visible <a href="img/LoginWithInvalidUsernameOrAndPassword_14yrt2gynfyh511250.png" target="_blank">[View Screenshot]</a> </div></div><div  class="teststeppass"><span class="teststeppass-label">T </span>And assert 'DashBoard.link.signoff' is not visible</div><div style="display:block;margin-left:10px;"><div  class="pass"><span class="pass-label">P </span>Expected sign off link not visible : Actual sign off link not visible <a href="img/LoginWithInvalidUsernameOrAndPassword_1a1y5jjb3tgl11251.png" target="_blank">[View Screenshot]</a> </div></div></div>]]>
    </line>
    <line>
      <![CDATA[<div style="display:block;margin-left:10px;"><div  class="teststeppass"><span class="teststeppass-label">T </span>Given get '/'</div><div  class="teststeppass"><span class="teststeppass-label">T </span>And assert 'loginpage.heading.contact' is visible</div><div style="display:block;margin-left:10px;"><div  class="pass"><span class="pass-label">P </span>Expected By.xpath: //a[contains(text(),'CONTACT')] visible : Actual By.xpath: //a[contains(text(),'CONTACT')] visible <a href="img/ClickContactAndVerifyInformation_qx4cof5t5j1j11252.png" target="_blank">[View Screenshot]</a> </div></div><div  class="teststeppass"><span class="teststeppass-label">T </span>Then click on 'loginpage.heading.contact'</div><div  class="teststeppass"><span class="teststeppass-label">T </span>And assert 'contactpage.text.underConstruction' is visible</div><div style="display:block;margin-left:10px;"><div  class="pass"><span class="pass-label">P </span>Expected By.xpath: //font[@face='Arial, Helvetica, sans-serif'][@size='2'] visible : Actual By.xpath: //font[@face='Arial, Helvetica, sans-serif'][@size='2'] visible <a href="img/ClickContactAndVerifyInformation_nv62m75a60xd11253.png" target="_blank">[View Screenshot]</a> </div></div><div  class="teststeppass"><span class="teststeppass-label">T </span>And  assert 'contactpage.button.backhome' is visible</div><div style="display:block;margin-left:10px;"><div  class="pass"><span class="pass-label">P </span>Expected By.xpath: //img[@src='/images/forms/home.gif'] visible : Actual By.xpath: //img[@src='/images/forms/home.gif'] visible <a href="img/ClickContactAndVerifyInformation_8d8kqbpjxtgj11254.png" target="_blank">[View Screenshot]</a> </div></div><div  class="teststeppass"><span class="teststeppass-label">T </span>Then click on 'contactpage.button.backhome'</div><div  class="teststeppass"><span class="teststeppass-label">T </span>And assert 'loginpage.input.username' is visible</div><div style="display:block;margin-left:10px;"><div  class="pass"><span class="pass-label">P </span>Expected username input on Loginpage visible : Actual username input on Loginpage visible <a href="img/ClickContactAndVerifyInformation_189pubymphl4311255.png" target="_blank">[View Screenshot]</a> </div></div></div>]]>
    </line>
    <line>
      <![CDATA[<div style="display:block;margin-left:10px;"><div  class="teststeppass"><span class="teststeppass-label">T </span>Given get '/'</div><div  class="teststeppass"><span class="teststeppass-label">T </span>And assert 'loginpage.heading.register' is visible</div><div style="display:block;margin-left:10px;"><div  class="pass"><span class="pass-label">P </span>Expected register heading visible : Actual register heading visible <a href="img/ClickSignonAndCreateUser_9iouitvgug1f11256.png" target="_blank">[View Screenshot]</a> </div></div><div  class="teststeppass"><span class="teststeppass-label">T </span>Then click on 'loginpage.heading.register'</div><div  class="teststeppass"><span class="teststeppass-label">T </span>Then fill details in form ''${args[0]}''</div><div  class="teststeppass"><span class="teststeppass-label">T </span>And assert 'registrationpage.msg.success' is visible</div><div style="display:block;margin-left:10px;"><div  class="pass"><span class="pass-label">P </span>Expected By.xpath: //table[@width='492']/tbody/tr[3]/td visible : Actual By.xpath: //table[@width='492']/tbody/tr[3]/td visible <a href="img/ClickSignonAndCreateUser_dmw1a1ueqflm11257.png" target="_blank">[View Screenshot]</a> </div></div></div>]]>
    </line>
  </reporter-output>
  <suite name="QAF Example" duration-ms="60348" started-at="2018-12-17T08:02:09Z" finished-at="2018-12-17T08:03:09Z">
    <groups>
      <group name="P1">
        <method signature="scenarios.suite1.bdd.Login to Dashboard with username and password()[pri:1000, instance:com.qmetry.qaf.automation.step.client.Scenario@3e8]" name="Login to Dashboard with username and password" class="com.qmetry.qaf.automation.step.client.Scenario"/>
        <method signature="scenarios.suite1.bdd.Logout from Dashboard()[pri:1000, instance:com.qmetry.qaf.automation.step.client.Scenario@3e8]" name="Logout from Dashboard" class="com.qmetry.qaf.automation.step.client.Scenario"/>
        <method signature="scenarios.suite1.bdd.Navigate to story page()[pri:1000, instance:com.qmetry.qaf.automation.step.client.Scenario@3e8]" name="Navigate to story page" class="com.qmetry.qaf.automation.step.client.Scenario"/>
      </group> <!-- P1 -->
      <group name="Test Authoring">
        <method signature="scenarios.suite1.bdd.Click contact and verify information()[pri:1004, instance:com.qmetry.qaf.automation.step.client.Scenario@3ec]" name="Click contact and verify information" class="com.qmetry.qaf.automation.step.client.Scenario"/>
        <method signature="scenarios.suite1.bdd.Click signon and create user( java.util.Map)[pri:1005, instance:com.qmetry.qaf.automation.step.client.DataDrivenScenario@3ed]" name="Click signon and create user" class="com.qmetry.qaf.automation.step.client.DataDrivenScenario"/>
        <method signature="scenarios.suite1.bdd.Login with invalid username or/and password( java.util.Map)[pri:1003, instance:com.qmetry.qaf.automation.step.client.DataDrivenScenario@3eb]" name="Login with invalid username or/and password" class="com.qmetry.qaf.automation.step.client.DataDrivenScenario"/>
      </group> <!-- Test Authoring -->
      <group name="Create">
        <method signature="scenarios.suite1.bdd.Click contact and verify information()[pri:1004, instance:com.qmetry.qaf.automation.step.client.Scenario@3ec]" name="Click contact and verify information" class="com.qmetry.qaf.automation.step.client.Scenario"/>
        <method signature="scenarios.suite1.bdd.Click signon and create user( java.util.Map)[pri:1005, instance:com.qmetry.qaf.automation.step.client.DataDrivenScenario@3ed]" name="Click signon and create user" class="com.qmetry.qaf.automation.step.client.DataDrivenScenario"/>
        <method signature="scenarios.suite1.bdd.Login with invalid username or/and password( java.util.Map)[pri:1003, instance:com.qmetry.qaf.automation.step.client.DataDrivenScenario@3eb]" name="Login with invalid username or/and password" class="com.qmetry.qaf.automation.step.client.DataDrivenScenario"/>
      </group> <!-- Create -->
      <group name="SMOKE">
        <method signature="scenarios.suite1.bdd.Click contact and verify information()[pri:1004, instance:com.qmetry.qaf.automation.step.client.Scenario@3ec]" name="Click contact and verify information" class="com.qmetry.qaf.automation.step.client.Scenario"/>
        <method signature="scenarios.suite1.bdd.Click signon and create user( java.util.Map)[pri:1005, instance:com.qmetry.qaf.automation.step.client.DataDrivenScenario@3ed]" name="Click signon and create user" class="com.qmetry.qaf.automation.step.client.DataDrivenScenario"/>
        <method signature="scenarios.suite1.bdd.Login with invalid username or/and password( java.util.Map)[pri:1003, instance:com.qmetry.qaf.automation.step.client.DataDrivenScenario@3eb]" name="Login with invalid username or/and password" class="com.qmetry.qaf.automation.step.client.DataDrivenScenario"/>
      </group> <!-- SMOKE -->
      <group name="Story">
        <method signature="scenarios.suite1.bdd.Click contact and verify information()[pri:1004, instance:com.qmetry.qaf.automation.step.client.Scenario@3ec]" name="Click contact and verify information" class="com.qmetry.qaf.automation.step.client.Scenario"/>
        <method signature="scenarios.suite1.bdd.Click signon and create user( java.util.Map)[pri:1005, instance:com.qmetry.qaf.automation.step.client.DataDrivenScenario@3ed]" name="Click signon and create user" class="com.qmetry.qaf.automation.step.client.DataDrivenScenario"/>
        <method signature="scenarios.suite1.bdd.Login to Dashboard with username and password()[pri:1000, instance:com.qmetry.qaf.automation.step.client.Scenario@3e8]" name="Login to Dashboard with username and password" class="com.qmetry.qaf.automation.step.client.Scenario"/>
        <method signature="scenarios.suite1.bdd.Login with invalid username or/and password( java.util.Map)[pri:1003, instance:com.qmetry.qaf.automation.step.client.DataDrivenScenario@3eb]" name="Login with invalid username or/and password" class="com.qmetry.qaf.automation.step.client.DataDrivenScenario"/>
        <method signature="scenarios.suite1.bdd.Logout from Dashboard()[pri:1000, instance:com.qmetry.qaf.automation.step.client.Scenario@3e8]" name="Logout from Dashboard" class="com.qmetry.qaf.automation.step.client.Scenario"/>
        <method signature="scenarios.suite1.bdd.Navigate to story page()[pri:1000, instance:com.qmetry.qaf.automation.step.client.Scenario@3e8]" name="Navigate to story page" class="com.qmetry.qaf.automation.step.client.Scenario"/>
      </group> <!-- Story -->
    </groups>
    <test name="Test Story - Test 1" duration-ms="60206" started-at="2018-12-17T08:02:09Z" finished-at="2018-12-17T08:03:09Z">
      <class name="com.qmetry.qaf.automation.step.client.Scenario">
        <test-method status="PASS" signature="setupTest(org.testng.ITestContext)[pri:0, instance:com.qmetry.qaf.automation.step.client.Scenario@3ec]" test-instance-name="Navigate to story page" name="setupTest" is-config="true" duration-ms="2" started-at="2018-12-17T13:32:09Z" finished-at="2018-12-17T13:32:09Z">
          <params>
            <param index="0">
              <value>
                <![CDATA[org.testng.TestRunner@799f10e1]]>
              </value>
            </param>
          </params>
          <reporter-output>
          </reporter-output>
        </test-method> <!-- setupTest -->
        <test-method status="PASS" signature="setup(org.testng.ITestContext)[pri:0, instance:com.qmetry.qaf.automation.step.client.Scenario@3ec]" test-instance-name="Navigate to story page" name="setup" is-config="true" duration-ms="1" started-at="2018-12-17T13:32:09Z" finished-at="2018-12-17T13:32:09Z">
          <params>
            <param index="0">
              <value>
                <![CDATA[org.testng.TestRunner@799f10e1]]>
              </value>
            </param>
          </params>
          <reporter-output>
          </reporter-output>
        </test-method> <!-- setup -->
        <test-method status="PASS" signature="setupMethod(java.lang.reflect.Method, org.testng.ITestContext)[pri:0, instance:com.qmetry.qaf.automation.step.client.Scenario@3ec]" test-instance-name="Navigate to story page" name="setupMethod" is-config="true" duration-ms="1" started-at="2018-12-17T13:32:09Z" finished-at="2018-12-17T13:32:09Z">
          <params>
            <param index="0">
              <value>
                <![CDATA[public void com.qmetry.qaf.automation.step.client.Scenario.scenario()]]>
              </value>
            </param>
            <param index="1">
              <value>
                <![CDATA[org.testng.TestRunner@799f10e1]]>
              </value>
            </param>
          </params>
          <reporter-output>
          </reporter-output>
        </test-method> <!-- setupMethod -->
        <test-method status="PASS" signature="Navigate to story page()[pri:1000, instance:com.qmetry.qaf.automation.step.client.Scenario@3e8]" test-instance-name="Navigate to story page" name="Navigate to story page" duration-ms="8736" started-at="2018-12-17T13:32:09Z" description="navigation" finished-at="2018-12-17T13:32:17Z">
          <reporter-output>
            <line>
              <![CDATA[<div style="display:block;margin-left:10px;"><div  class="teststeppass"><span class="teststeppass-label">T </span>Given get '/'</div><div  class="teststeppass"><span class="teststeppass-label">T </span>And assert 'loginpage.input.username' is visible</div><div style="display:block;margin-left:10px;"><div  class="pass"><span class="pass-label">P </span>Expected username input on Loginpage visible : Actual username input on Loginpage visible <a href="img/NavigateToStoryPage_kugh9gwucw0d11238.png" target="_blank">[View Screenshot]</a> </div></div><div  class="teststeppass"><span class="teststeppass-label">T </span>And assert 'loginpage.input.password' is visible</div><div style="display:block;margin-left:10px;"><div  class="pass"><span class="pass-label">P </span>Expected Password input on Loginpage visible : Actual Password input on Loginpage visible <a href="img/NavigateToStoryPage_1a3yqv1n2f6111239.png" target="_blank">[View Screenshot]</a> </div></div><div  class="teststeppass"><span class="teststeppass-label">T </span>And assert 'loginpage.heading.signon' is visible</div><div style="display:block;margin-left:10px;"><div  class="pass"><span class="pass-label">P </span>Expected signon heading visible : Actual signon heading visible <a href="img/NavigateToStoryPage_a05kdg0kfsay11240.png" target="_blank">[View Screenshot]</a> </div></div><div  class="teststeppass"><span class="teststeppass-label">T </span>And assert 'loginpage.heading.register' is visible</div><div style="display:block;margin-left:10px;"><div  class="pass"><span class="pass-label">P </span>Expected register heading visible : Actual register heading visible <a href="img/NavigateToStoryPage_zy5jytfjqxzg11241.png" target="_blank">[View Screenshot]</a> </div></div><div  class="teststeppass"><span class="teststeppass-label">T </span>And assert 'loginpage.heading.support' is visible</div><div style="display:block;margin-left:10px;"><div  class="pass"><span class="pass-label">P </span>Expected support heading visible : Actual support heading visible <a href="img/NavigateToStoryPage_1ooca63z9pt0u11242.png" target="_blank">[View Screenshot]</a> </div></div><div  class="teststeppass"><span class="teststeppass-label">T </span>And assert 'loginpage.heading.contact' is visible</div><div style="display:block;margin-left:10px;"><div  class="pass"><span class="pass-label">P </span>Expected By.xpath: //a[contains(text(),'CONTACT')] visible : Actual By.xpath: //a[contains(text(),'CONTACT')] visible <a href="img/NavigateToStoryPage_1cb96f3afxw0v11243.png" target="_blank">[View Screenshot]</a> </div></div><div  class="teststeppass"><span class="teststeppass-label">T </span>And assert 'loginpage.leftmenu.home' is visible</div><div style="display:block;margin-left:10px;"><div  class="pass"><span class="pass-label">P </span>Expected home left menu visible : Actual home left menu visible <a href="img/NavigateToStoryPage_1sd2ju51pfyu011244.png" target="_blank">[View Screenshot]</a> </div></div><div  class="teststeppass"><span class="teststeppass-label">T </span>And assert 'loginpage.leftmenu.flights' is visible</div><div style="display:block;margin-left:10px;"><div  class="pass"><span class="pass-label">P </span>Expected flights left menu visible : Actual flights left menu visible <a href="img/NavigateToStoryPage_7tleql75uyou11245.png" target="_blank">[View Screenshot]</a> </div></div></div>]]>
            </line>
          </reporter-output>
        </test-method> <!-- Navigate to story page -->
        <test-method status="PASS" signature="afterMethod(org.testng.ITestContext, org.testng.ITestResult)[pri:0, instance:com.qmetry.qaf.automation.step.client.Scenario@3ec]" test-instance-name="Navigate to story page" name="afterMethod" is-config="true" duration-ms="0" started-at="2018-12-17T13:32:17Z" finished-at="2018-12-17T13:32:17Z">
          <params>
            <param index="0">
              <value>
                <![CDATA[org.testng.TestRunner@799f10e1]]>
              </value>
            </param>
            <param index="1">
              <value>
                <![CDATA[[TestResult name=Navigate to story page status=SUCCESS method=scenarios.suite1.bdd.Navigate to story page()[pri:1000, instance:com.qmetry.qaf.automation.step.client.Scenario@3e8] output=<div style="display:block;margin-left:10px;"><div  class="teststeppass"><span class="teststeppass-label">T </span>Given get '/'</div><div  class="teststeppass"><span class="teststeppass-label">T </span>And assert 'loginpage.input.username' is visible</div><div style="display:block;margin-left:10px;"><div  class="pass"><span class="pass-label">P </span>Expected username input on Loginpage visible : Actual username input on Loginpage visible <a href="img/NavigateToStoryPage_kugh9gwucw0d11238.png" target="_blank">[View Screenshot]</a> </div></div><div  class="teststeppass"><span class="teststeppass-label">T </span>And assert 'loginpage.input.password' is visible</div><div style="display:block;margin-left:10px;"><div  class="pass"><span class="pass-label">P </span>Expected Password input on Loginpage visible : Actual Password input on Loginpage visible <a href="img/NavigateToStoryPage_1a3yqv1n2f6111239.png" target="_blank">[View Screenshot]</a> </div></div><div  class="teststeppass"><span class="teststeppass-label">T </span>And assert 'loginpage.heading.signon' is visible</div><div style="display:block;margin-left:10px;"><div  class="pass"><span class="pass-label">P </span>Expected signon heading visible : Actual signon heading visible <a href="img/NavigateToStoryPage_a05kdg0kfsay11240.png" target="_blank">[View Screenshot]</a> </div></div><div  class="teststeppass"><span class="teststeppass-label">T </span>And assert 'loginpage.heading.register' is visible</div><div style="display:block;margin-left:10px;"><div  class="pass"><span class="pass-label">P </span>Expected register heading visible : Actual register heading visible <a href="img/NavigateToStoryPage_zy5jytfjqxzg11241.png" target="_blank">[View Screenshot]</a> </div></div><div  class="teststeppass"><span class="teststeppass-label">T </span>And assert 'loginpage.heading.support' is visible</div><div style="display:block;margin-left:10px;"><div  class="pass"><span class="pass-label">P </span>Expected support heading visible : Actual support heading visible <a href="img/NavigateToStoryPage_1ooca63z9pt0u11242.png" target="_blank">[View Screenshot]</a> </div></div><div  class="teststeppass"><span class="teststeppass-label">T </span>And assert 'loginpage.heading.contact' is visible</div><div style="display:block;margin-left:10px;"><div  class="pass"><span class="pass-label">P </span>Expected By.xpath: //a[contains(text(),'CONTACT')] visible : Actual By.xpath: //a[contains(text(),'CONTACT')] visible <a href="img/NavigateToStoryPage_1cb96f3afxw0v11243.png" target="_blank">[View Screenshot]</a> </div></div><div  class="teststeppass"><span class="teststeppass-label">T </span>And assert 'loginpage.leftmenu.home' is visible</div><div style="display:block;margin-left:10px;"><div  class="pass"><span class="pass-label">P </span>Expected home left menu visible : Actual home left menu visible <a href="img/NavigateToStoryPage_1sd2ju51pfyu011244.png" target="_blank">[View Screenshot]</a> </div></div><div  class="teststeppass"><span class="teststeppass-label">T </span>And assert 'loginpage.leftmenu.flights' is visible</div><div style="display:block;margin-left:10px;"><div  class="pass"><span class="pass-label">P </span>Expected flights left menu visible : Actual flights left menu visible <a href="img/NavigateToStoryPage_7tleql75uyou11245.png" target="_blank">[View Screenshot]</a> </div></div></div>]]]>
              </value>
            </param>
          </params>
          <reporter-output>
          </reporter-output>
        </test-method> <!-- afterMethod -->
        <test-method status="PASS" signature="setup(org.testng.ITestContext)[pri:0, instance:com.qmetry.qaf.automation.step.client.Scenario@3ec]" test-instance-name="Logout from Dashboard" name="setup" is-config="true" duration-ms="0" started-at="2018-12-17T13:32:17Z" finished-at="2018-12-17T13:32:17Z">
          <params>
            <param index="0">
              <value>
                <![CDATA[org.testng.TestRunner@799f10e1]]>
              </value>
            </param>
          </params>
          <reporter-output>
          </reporter-output>
        </test-method> <!-- setup -->
        <test-method status="PASS" signature="afterClass(org.testng.ITestContext)[pri:0, instance:com.qmetry.qaf.automation.step.client.Scenario@3ec]" test-instance-name="Navigate to story page" name="afterClass" is-config="true" duration-ms="0" started-at="2018-12-17T13:32:17Z" finished-at="2018-12-17T13:32:17Z">
          <params>
            <param index="0">
              <value>
                <![CDATA[org.testng.TestRunner@799f10e1]]>
              </value>
            </param>
          </params>
          <reporter-output>
          </reporter-output>
        </test-method> <!-- afterClass -->
        <test-method status="PASS" signature="setupMethod(java.lang.reflect.Method, org.testng.ITestContext)[pri:0, instance:com.qmetry.qaf.automation.step.client.Scenario@3ec]" test-instance-name="Logout from Dashboard" name="setupMethod" is-config="true" duration-ms="0" started-at="2018-12-17T13:32:17Z" finished-at="2018-12-17T13:32:17Z">
          <params>
            <param index="0">
              <value>
                <![CDATA[public void com.qmetry.qaf.automation.step.client.Scenario.scenario()]]>
              </value>
            </param>
            <param index="1">
              <value>
                <![CDATA[org.testng.TestRunner@799f10e1]]>
              </value>
            </param>
          </params>
          <reporter-output>
          </reporter-output>
        </test-method> <!-- setupMethod -->
        <test-method status="PASS" signature="Logout from Dashboard()[pri:1000, instance:com.qmetry.qaf.automation.step.client.Scenario@3e8]" test-instance-name="Logout from Dashboard" name="Logout from Dashboard" duration-ms="9027" started-at="2018-12-17T13:32:17Z" description="navigation" finished-at="2018-12-17T13:32:27Z">
          <reporter-output>
            <line>
              <![CDATA[<div style="display:block;margin-left:10px;"><div  class="teststeppass"><span class="teststeppass-label">T </span>Given get '/'</div><div  class="teststeppass"><span class="teststeppass-label">T </span>Then login with 'guest' and 'guest'</div><div  class="teststeppass"><span class="teststeppass-label">T </span>Then logout from</div></div>]]>
            </line>
          </reporter-output>
        </test-method> <!-- Logout from Dashboard -->
        <test-method status="PASS" signature="afterMethod(org.testng.ITestContext, org.testng.ITestResult)[pri:0, instance:com.qmetry.qaf.automation.step.client.Scenario@3ec]" test-instance-name="Logout from Dashboard" name="afterMethod" is-config="true" duration-ms="1" started-at="2018-12-17T13:32:27Z" finished-at="2018-12-17T13:32:27Z">
          <params>
            <param index="0">
              <value>
                <![CDATA[org.testng.TestRunner@799f10e1]]>
              </value>
            </param>
            <param index="1">
              <value>
                <![CDATA[[TestResult name=Logout from Dashboard status=SUCCESS method=scenarios.suite1.bdd.Logout from Dashboard()[pri:1000, instance:com.qmetry.qaf.automation.step.client.Scenario@3e8] output=<div style="display:block;margin-left:10px;"><div  class="teststeppass"><span class="teststeppass-label">T </span>Given get '/'</div><div  class="teststeppass"><span class="teststeppass-label">T </span>Then login with 'guest' and 'guest'</div><div  class="teststeppass"><span class="teststeppass-label">T </span>Then logout from</div></div>]]]>
              </value>
            </param>
          </params>
          <reporter-output>
          </reporter-output>
        </test-method> <!-- afterMethod -->
        <test-method status="PASS" signature="afterClass(org.testng.ITestContext)[pri:0, instance:com.qmetry.qaf.automation.step.client.Scenario@3ec]" test-instance-name="Logout from Dashboard" name="afterClass" is-config="true" duration-ms="1" started-at="2018-12-17T13:32:27Z" finished-at="2018-12-17T13:32:27Z">
          <params>
            <param index="0">
              <value>
                <![CDATA[org.testng.TestRunner@799f10e1]]>
              </value>
            </param>
          </params>
          <reporter-output>
          </reporter-output>
        </test-method> <!-- afterClass -->
        <test-method status="PASS" signature="setup(org.testng.ITestContext)[pri:0, instance:com.qmetry.qaf.automation.step.client.Scenario@3ec]" test-instance-name="Login to Dashboard with username and password" name="setup" is-config="true" duration-ms="0" started-at="2018-12-17T13:32:27Z" finished-at="2018-12-17T13:32:27Z">
          <params>
            <param index="0">
              <value>
                <![CDATA[org.testng.TestRunner@799f10e1]]>
              </value>
            </param>
          </params>
          <reporter-output>
          </reporter-output>
        </test-method> <!-- setup -->
        <test-method status="PASS" signature="setupMethod(java.lang.reflect.Method, org.testng.ITestContext)[pri:0, instance:com.qmetry.qaf.automation.step.client.Scenario@3ec]" test-instance-name="Login to Dashboard with username and password" name="setupMethod" is-config="true" duration-ms="1" started-at="2018-12-17T13:32:27Z" finished-at="2018-12-17T13:32:27Z">
          <params>
            <param index="0">
              <value>
                <![CDATA[public void com.qmetry.qaf.automation.step.client.Scenario.scenario()]]>
              </value>
            </param>
            <param index="1">
              <value>
                <![CDATA[org.testng.TestRunner@799f10e1]]>
              </value>
            </param>
          </params>
          <reporter-output>
          </reporter-output>
        </test-method> <!-- setupMethod -->
        <test-method status="PASS" signature="Login to Dashboard with username and password()[pri:1000, instance:com.qmetry.qaf.automation.step.client.Scenario@3e8]" test-instance-name="Login to Dashboard with username and password" name="Login to Dashboard with username and password" duration-ms="6074" started-at="2018-12-17T13:32:27Z" description="navigation" finished-at="2018-12-17T13:32:33Z">
          <reporter-output>
            <line>
              <![CDATA[<div style="display:block;margin-left:10px;"><div  class="teststeppass"><span class="teststeppass-label">T </span>Given get '/'</div><div  class="teststeppass"><span class="teststeppass-label">T </span>Then login with 'guest' and 'guest'</div></div>]]>
            </line>
          </reporter-output>
        </test-method> <!-- Login to Dashboard with username and password -->
        <test-method status="PASS" signature="afterClass(org.testng.ITestContext)[pri:0, instance:com.qmetry.qaf.automation.step.client.Scenario@3ec]" test-instance-name="Login to Dashboard with username and password" name="afterClass" is-config="true" duration-ms="1" started-at="2018-12-17T13:32:33Z" finished-at="2018-12-17T13:32:33Z">
          <params>
            <param index="0">
              <value>
                <![CDATA[org.testng.TestRunner@799f10e1]]>
              </value>
            </param>
          </params>
          <reporter-output>
          </reporter-output>
        </test-method> <!-- afterClass -->
        <test-method status="PASS" signature="afterMethod(org.testng.ITestContext, org.testng.ITestResult)[pri:0, instance:com.qmetry.qaf.automation.step.client.Scenario@3ec]" test-instance-name="Login to Dashboard with username and password" name="afterMethod" is-config="true" duration-ms="0" started-at="2018-12-17T13:32:33Z" finished-at="2018-12-17T13:32:33Z">
          <params>
            <param index="0">
              <value>
                <![CDATA[org.testng.TestRunner@799f10e1]]>
              </value>
            </param>
            <param index="1">
              <value>
                <![CDATA[[TestResult name=Login to Dashboard with username and password status=SUCCESS method=scenarios.suite1.bdd.Login to Dashboard with username and password()[pri:1000, instance:com.qmetry.qaf.automation.step.client.Scenario@3e8] output=<div style="display:block;margin-left:10px;"><div  class="teststeppass"><span class="teststeppass-label">T </span>Given get '/'</div><div  class="teststeppass"><span class="teststeppass-label">T </span>Then login with 'guest' and 'guest'</div></div>]]]>
              </value>
            </param>
          </params>
          <reporter-output>
          </reporter-output>
        </test-method> <!-- afterMethod -->
        <test-method status="PASS" signature="setup(org.testng.ITestContext)[pri:0, instance:com.qmetry.qaf.automation.step.client.Scenario@3ec]" test-instance-name="Click contact and verify information" name="setup" is-config="true" duration-ms="1" started-at="2018-12-17T13:32:45Z" finished-at="2018-12-17T13:32:45Z">
          <params>
            <param index="0">
              <value>
                <![CDATA[org.testng.TestRunner@799f10e1]]>
              </value>
            </param>
          </params>
          <reporter-output>
          </reporter-output>
        </test-method> <!-- setup -->
        <test-method status="PASS" signature="Click contact and verify information()[pri:1004, instance:com.qmetry.qaf.automation.step.client.Scenario@3ec]" test-instance-name="Click contact and verify information" name="Click contact and verify information" duration-ms="5287" started-at="2018-12-17T13:32:45Z" finished-at="2018-12-17T13:32:50Z">
          <reporter-output>
            <line>
              <![CDATA[<div style="display:block;margin-left:10px;"><div  class="teststeppass"><span class="teststeppass-label">T </span>Given get '/'</div><div  class="teststeppass"><span class="teststeppass-label">T </span>And assert 'loginpage.heading.contact' is visible</div><div style="display:block;margin-left:10px;"><div  class="pass"><span class="pass-label">P </span>Expected By.xpath: //a[contains(text(),'CONTACT')] visible : Actual By.xpath: //a[contains(text(),'CONTACT')] visible <a href="img/ClickContactAndVerifyInformation_qx4cof5t5j1j11252.png" target="_blank">[View Screenshot]</a> </div></div><div  class="teststeppass"><span class="teststeppass-label">T </span>Then click on 'loginpage.heading.contact'</div><div  class="teststeppass"><span class="teststeppass-label">T </span>And assert 'contactpage.text.underConstruction' is visible</div><div style="display:block;margin-left:10px;"><div  class="pass"><span class="pass-label">P </span>Expected By.xpath: //font[@face='Arial, Helvetica, sans-serif'][@size='2'] visible : Actual By.xpath: //font[@face='Arial, Helvetica, sans-serif'][@size='2'] visible <a href="img/ClickContactAndVerifyInformation_nv62m75a60xd11253.png" target="_blank">[View Screenshot]</a> </div></div><div  class="teststeppass"><span class="teststeppass-label">T </span>And  assert 'contactpage.button.backhome' is visible</div><div style="display:block;margin-left:10px;"><div  class="pass"><span class="pass-label">P </span>Expected By.xpath: //img[@src='/images/forms/home.gif'] visible : Actual By.xpath: //img[@src='/images/forms/home.gif'] visible <a href="img/ClickContactAndVerifyInformation_8d8kqbpjxtgj11254.png" target="_blank">[View Screenshot]</a> </div></div><div  class="teststeppass"><span class="teststeppass-label">T </span>Then click on 'contactpage.button.backhome'</div><div  class="teststeppass"><span class="teststeppass-label">T </span>And assert 'loginpage.input.username' is visible</div><div style="display:block;margin-left:10px;"><div  class="pass"><span class="pass-label">P </span>Expected username input on Loginpage visible : Actual username input on Loginpage visible <a href="img/ClickContactAndVerifyInformation_189pubymphl4311255.png" target="_blank">[View Screenshot]</a> </div></div></div>]]>
            </line>
          </reporter-output>
        </test-method> <!-- Click contact and verify information -->
        <test-method status="PASS" signature="setupMethod(java.lang.reflect.Method, org.testng.ITestContext)[pri:0, instance:com.qmetry.qaf.automation.step.client.Scenario@3ec]" test-instance-name="Click contact and verify information" name="setupMethod" is-config="true" duration-ms="0" started-at="2018-12-17T13:32:45Z" finished-at="2018-12-17T13:32:45Z">
          <params>
            <param index="0">
              <value>
                <![CDATA[public void com.qmetry.qaf.automation.step.client.Scenario.scenario()]]>
              </value>
            </param>
            <param index="1">
              <value>
                <![CDATA[org.testng.TestRunner@799f10e1]]>
              </value>
            </param>
          </params>
          <reporter-output>
          </reporter-output>
        </test-method> <!-- setupMethod -->
        <test-method status="PASS" signature="afterMethod(org.testng.ITestContext, org.testng.ITestResult)[pri:0, instance:com.qmetry.qaf.automation.step.client.Scenario@3ec]" test-instance-name="Click contact and verify information" name="afterMethod" is-config="true" duration-ms="0" started-at="2018-12-17T13:32:50Z" finished-at="2018-12-17T13:32:50Z">
          <params>
            <param index="0">
              <value>
                <![CDATA[org.testng.TestRunner@799f10e1]]>
              </value>
            </param>
            <param index="1">
              <value>
                <![CDATA[[TestResult name=Click contact and verify information status=SUCCESS method=scenarios.suite1.bdd.Click contact and verify information()[pri:1004, instance:com.qmetry.qaf.automation.step.client.Scenario@3ec] output=<div style="display:block;margin-left:10px;"><div  class="teststeppass"><span class="teststeppass-label">T </span>Given get '/'</div><div  class="teststeppass"><span class="teststeppass-label">T </span>And assert 'loginpage.heading.contact' is visible</div><div style="display:block;margin-left:10px;"><div  class="pass"><span class="pass-label">P </span>Expected By.xpath: //a[contains(text(),'CONTACT')] visible : Actual By.xpath: //a[contains(text(),'CONTACT')] visible <a href="img/ClickContactAndVerifyInformation_qx4cof5t5j1j11252.png" target="_blank">[View Screenshot]</a> </div></div><div  class="teststeppass"><span class="teststeppass-label">T </span>Then click on 'loginpage.heading.contact'</div><div  class="teststeppass"><span class="teststeppass-label">T </span>And assert 'contactpage.text.underConstruction' is visible</div><div style="display:block;margin-left:10px;"><div  class="pass"><span class="pass-label">P </span>Expected By.xpath: //font[@face='Arial, Helvetica, sans-serif'][@size='2'] visible : Actual By.xpath: //font[@face='Arial, Helvetica, sans-serif'][@size='2'] visible <a href="img/ClickContactAndVerifyInformation_nv62m75a60xd11253.png" target="_blank">[View Screenshot]</a> </div></div><div  class="teststeppass"><span class="teststeppass-label">T </span>And  assert 'contactpage.button.backhome' is visible</div><div style="display:block;margin-left:10px;"><div  class="pass"><span class="pass-label">P </span>Expected By.xpath: //img[@src='/images/forms/home.gif'] visible : Actual By.xpath: //img[@src='/images/forms/home.gif'] visible <a href="img/ClickContactAndVerifyInformation_8d8kqbpjxtgj11254.png" target="_blank">[View Screenshot]</a> </div></div><div  class="teststeppass"><span class="teststeppass-label">T </span>Then click on 'contactpage.button.backhome'</div><div  class="teststeppass"><span class="teststeppass-label">T </span>And assert 'loginpage.input.username' is visible</div><div style="display:block;margin-left:10px;"><div  class="pass"><span class="pass-label">P </span>Expected username input on Loginpage visible : Actual username input on Loginpage visible <a href="img/ClickContactAndVerifyInformation_189pubymphl4311255.png" target="_blank">[View Screenshot]</a> </div></div></div>]]]>
              </value>
            </param>
          </params>
          <reporter-output>
          </reporter-output>
        </test-method> <!-- afterMethod -->
        <test-method status="PASS" signature="afterClass(org.testng.ITestContext)[pri:0, instance:com.qmetry.qaf.automation.step.client.Scenario@3ec]" test-instance-name="Click contact and verify information" name="afterClass" is-config="true" duration-ms="0" started-at="2018-12-17T13:32:50Z" finished-at="2018-12-17T13:32:50Z">
          <params>
            <param index="0">
              <value>
                <![CDATA[org.testng.TestRunner@799f10e1]]>
              </value>
            </param>
          </params>
          <reporter-output>
          </reporter-output>
        </test-method> <!-- afterClass -->
        <test-method status="PASS" signature="afterTest(org.testng.ITestContext)[pri:0, instance:com.qmetry.qaf.automation.step.client.Scenario@3ec]" test-instance-name="Navigate to story page" name="afterTest" is-config="true" duration-ms="80" started-at="2018-12-17T13:33:09Z" finished-at="2018-12-17T13:33:09Z">
          <params>
            <param index="0">
              <value>
                <![CDATA[org.testng.TestRunner@799f10e1]]>
              </value>
            </param>
          </params>
          <reporter-output>
          </reporter-output>
        </test-method> <!-- afterTest -->
      </class> <!-- com.qmetry.qaf.automation.step.client.Scenario -->
      <class name="com.qmetry.qaf.automation.step.client.DataDrivenScenario">
        <test-method status="PASS" signature="setup(org.testng.ITestContext)[pri:0, instance:com.qmetry.qaf.automation.step.client.DataDrivenScenario@3ed]" test-instance-name="Login with invalid username or/and password" name="setup" is-config="true" duration-ms="0" started-at="2018-12-17T13:32:33Z" finished-at="2018-12-17T13:32:33Z">
          <params>
            <param index="0">
              <value>
                <![CDATA[org.testng.TestRunner@799f10e1]]>
              </value>
            </param>
          </params>
          <reporter-output>
          </reporter-output>
        </test-method> <!-- setup -->
        <test-method status="PASS" signature="setupMethod(java.lang.reflect.Method, org.testng.ITestContext)[pri:0, instance:com.qmetry.qaf.automation.step.client.DataDrivenScenario@3ed]" test-instance-name="Login with invalid username or/and password" name="setupMethod" is-config="true" duration-ms="1" started-at="2018-12-17T13:32:33Z" finished-at="2018-12-17T13:32:33Z">
          <params>
            <param index="0">
              <value>
                <![CDATA[public void com.qmetry.qaf.automation.step.client.DataDrivenScenario.scenario(java.util.Map)]]>
              </value>
            </param>
            <param index="1">
              <value>
                <![CDATA[org.testng.TestRunner@799f10e1]]>
              </value>
            </param>
          </params>
          <reporter-output>
          </reporter-output>
        </test-method> <!-- setupMethod -->
        <test-method status="PASS" signature="Login with invalid username or/and password( java.util.Map)[pri:1003, instance:com.qmetry.qaf.automation.step.client.DataDrivenScenario@3eb]" test-instance-name="Login with invalid username or/and password" name="Login with invalid username or/and password" duration-ms="3944" started-at="2018-12-17T13:32:33Z" data-provider="scenariodp" finished-at="2018-12-17T13:32:37Z">
          <params>
            <param index="0">
              <value>
                <![CDATA[{index=1, username=guest, password=guest123, description='Invalid Username password'}]]>
              </value>
            </param>
          </params>
          <reporter-output>
            <line>
              <![CDATA[<div style="display:block;margin-left:10px;"><div  class="teststeppass"><span class="teststeppass-label">T </span>Given get '/'</div><div  class="teststeppass"><span class="teststeppass-label">T </span>Then login with invalid details ''${args[0]}''</div><div  class="teststeppass"><span class="teststeppass-label">T </span>And assert 'loginpage.heading.signon' is visible</div><div style="display:block;margin-left:10px;"><div  class="pass"><span class="pass-label">P </span>Expected signon heading visible : Actual signon heading visible <a href="img/LoginWithInvalidUsernameOrAndPassword_4pagbil1plvm11246.png" target="_blank">[View Screenshot]</a> </div></div><div  class="teststeppass"><span class="teststeppass-label">T </span>And assert 'DashBoard.link.signoff' is not visible</div><div style="display:block;margin-left:10px;"><div  class="pass"><span class="pass-label">P </span>Expected sign off link not visible : Actual sign off link not visible <a href="img/LoginWithInvalidUsernameOrAndPassword_nybhufxwj05i11247.png" target="_blank">[View Screenshot]</a> </div></div></div>]]>
            </line>
          </reporter-output>
        </test-method> <!-- Login with invalid username or/and password -->
        <test-method status="PASS" signature="afterMethod(org.testng.ITestContext, org.testng.ITestResult)[pri:0, instance:com.qmetry.qaf.automation.step.client.DataDrivenScenario@3ed]" test-instance-name="Login with invalid username or/and password" name="afterMethod" is-config="true" duration-ms="1" started-at="2018-12-17T13:32:37Z" finished-at="2018-12-17T13:32:37Z">
          <params>
            <param index="0">
              <value>
                <![CDATA[org.testng.TestRunner@799f10e1]]>
              </value>
            </param>
            <param index="1">
              <value>
                <![CDATA[[TestResult name=Login with invalid username or/and password status=SUCCESS method=scenarios.suite1.bdd.Login with invalid username or/and password( java.util.Map)[pri:1003, instance:com.qmetry.qaf.automation.step.client.DataDrivenScenario@3eb] output=<div style="display:block;margin-left:10px;"><div  class="teststeppass"><span class="teststeppass-label">T </span>Given get '/'</div><div  class="teststeppass"><span class="teststeppass-label">T </span>Then login with invalid details ''${args[0]}''</div><div  class="teststeppass"><span class="teststeppass-label">T </span>And assert 'loginpage.heading.signon' is visible</div><div style="display:block;margin-left:10px;"><div  class="pass"><span class="pass-label">P </span>Expected signon heading visible : Actual signon heading visible <a href="img/LoginWithInvalidUsernameOrAndPassword_4pagbil1plvm11246.png" target="_blank">[View Screenshot]</a> </div></div><div  class="teststeppass"><span class="teststeppass-label">T </span>And assert 'DashBoard.link.signoff' is not visible</div><div style="display:block;margin-left:10px;"><div  class="pass"><span class="pass-label">P </span>Expected sign off link not visible : Actual sign off link not visible <a href="img/LoginWithInvalidUsernameOrAndPassword_nybhufxwj05i11247.png" target="_blank">[View Screenshot]</a> </div></div></div>]]]>
              </value>
            </param>
          </params>
          <reporter-output>
          </reporter-output>
        </test-method> <!-- afterMethod -->
        <test-method status="PASS" signature="Login with invalid username or/and password( java.util.Map)[pri:1003, instance:com.qmetry.qaf.automation.step.client.DataDrivenScenario@3eb]" test-instance-name="Login with invalid username or/and password" name="Login with invalid username or/and password" duration-ms="3929" started-at="2018-12-17T13:32:37Z" data-provider="scenariodp" finished-at="2018-12-17T13:32:41Z">
          <params>
            <param index="0">
              <value>
                <![CDATA[{index=2, username=guest123, password=guest, description='Invalid Username password'}]]>
              </value>
            </param>
          </params>
          <reporter-output>
            <line>
              <![CDATA[<div style="display:block;margin-left:10px;"><div  class="teststeppass"><span class="teststeppass-label">T </span>Given get '/'</div><div  class="teststeppass"><span class="teststeppass-label">T </span>Then login with invalid details ''${args[0]}''</div><div  class="teststeppass"><span class="teststeppass-label">T </span>And assert 'loginpage.heading.signon' is visible</div><div style="display:block;margin-left:10px;"><div  class="pass"><span class="pass-label">P </span>Expected signon heading visible : Actual signon heading visible <a href="img/LoginWithInvalidUsernameOrAndPassword_fk10gp2irfr311248.png" target="_blank">[View Screenshot]</a> </div></div><div  class="teststeppass"><span class="teststeppass-label">T </span>And assert 'DashBoard.link.signoff' is not visible</div><div style="display:block;margin-left:10px;"><div  class="pass"><span class="pass-label">P </span>Expected sign off link not visible : Actual sign off link not visible <a href="img/LoginWithInvalidUsernameOrAndPassword_fl514rept4ry11249.png" target="_blank">[View Screenshot]</a> </div></div></div>]]>
            </line>
          </reporter-output>
        </test-method> <!-- Login with invalid username or/and password -->
        <test-method status="PASS" signature="setupMethod(java.lang.reflect.Method, org.testng.ITestContext)[pri:0, instance:com.qmetry.qaf.automation.step.client.DataDrivenScenario@3ed]" test-instance-name="Login with invalid username or/and password" name="setupMethod" is-config="true" duration-ms="0" started-at="2018-12-17T13:32:37Z" finished-at="2018-12-17T13:32:37Z">
          <params>
            <param index="0">
              <value>
                <![CDATA[public void com.qmetry.qaf.automation.step.client.DataDrivenScenario.scenario(java.util.Map)]]>
              </value>
            </param>
            <param index="1">
              <value>
                <![CDATA[org.testng.TestRunner@799f10e1]]>
              </value>
            </param>
          </params>
          <reporter-output>
          </reporter-output>
        </test-method> <!-- setupMethod -->
        <test-method status="PASS" signature="afterMethod(org.testng.ITestContext, org.testng.ITestResult)[pri:0, instance:com.qmetry.qaf.automation.step.client.DataDrivenScenario@3ed]" test-instance-name="Login with invalid username or/and password" name="afterMethod" is-config="true" duration-ms="0" started-at="2018-12-17T13:32:41Z" finished-at="2018-12-17T13:32:41Z">
          <params>
            <param index="0">
              <value>
                <![CDATA[org.testng.TestRunner@799f10e1]]>
              </value>
            </param>
            <param index="1">
              <value>
                <![CDATA[[TestResult name=Login with invalid username or/and password status=SUCCESS method=scenarios.suite1.bdd.Login with invalid username or/and password( java.util.Map)[pri:1003, instance:com.qmetry.qaf.automation.step.client.DataDrivenScenario@3eb] output=<div style="display:block;margin-left:10px;"><div  class="teststeppass"><span class="teststeppass-label">T </span>Given get '/'</div><div  class="teststeppass"><span class="teststeppass-label">T </span>Then login with invalid details ''${args[0]}''</div><div  class="teststeppass"><span class="teststeppass-label">T </span>And assert 'loginpage.heading.signon' is visible</div><div style="display:block;margin-left:10px;"><div  class="pass"><span class="pass-label">P </span>Expected signon heading visible : Actual signon heading visible <a href="img/LoginWithInvalidUsernameOrAndPassword_fk10gp2irfr311248.png" target="_blank">[View Screenshot]</a> </div></div><div  class="teststeppass"><span class="teststeppass-label">T </span>And assert 'DashBoard.link.signoff' is not visible</div><div style="display:block;margin-left:10px;"><div  class="pass"><span class="pass-label">P </span>Expected sign off link not visible : Actual sign off link not visible <a href="img/LoginWithInvalidUsernameOrAndPassword_fl514rept4ry11249.png" target="_blank">[View Screenshot]</a> </div></div></div>]]]>
              </value>
            </param>
          </params>
          <reporter-output>
          </reporter-output>
        </test-method> <!-- afterMethod -->
        <test-method status="PASS" signature="setupMethod(java.lang.reflect.Method, org.testng.ITestContext)[pri:0, instance:com.qmetry.qaf.automation.step.client.DataDrivenScenario@3ed]" test-instance-name="Login with invalid username or/and password" name="setupMethod" is-config="true" duration-ms="1" started-at="2018-12-17T13:32:41Z" finished-at="2018-12-17T13:32:41Z">
          <params>
            <param index="0">
              <value>
                <![CDATA[public void com.qmetry.qaf.automation.step.client.DataDrivenScenario.scenario(java.util.Map)]]>
              </value>
            </param>
            <param index="1">
              <value>
                <![CDATA[org.testng.TestRunner@799f10e1]]>
              </value>
            </param>
          </params>
          <reporter-output>
          </reporter-output>
        </test-method> <!-- setupMethod -->
        <test-method status="PASS" signature="Login with invalid username or/and password( java.util.Map)[pri:1003, instance:com.qmetry.qaf.automation.step.client.DataDrivenScenario@3eb]" test-instance-name="Login with invalid username or/and password" name="Login with invalid username or/and password" duration-ms="4208" started-at="2018-12-17T13:32:41Z" data-provider="scenariodp" finished-at="2018-12-17T13:32:45Z">
          <params>
            <param index="0">
              <value>
                <![CDATA[{index=3, username=guest123, password=guest123, description='Invalid Username password'}]]>
              </value>
            </param>
          </params>
          <reporter-output>
            <line>
              <![CDATA[<div style="display:block;margin-left:10px;"><div  class="teststeppass"><span class="teststeppass-label">T </span>Given get '/'</div><div  class="teststeppass"><span class="teststeppass-label">T </span>Then login with invalid details ''${args[0]}''</div><div  class="teststeppass"><span class="teststeppass-label">T </span>And assert 'loginpage.heading.signon' is visible</div><div style="display:block;margin-left:10px;"><div  class="pass"><span class="pass-label">P </span>Expected signon heading visible : Actual signon heading visible <a href="img/LoginWithInvalidUsernameOrAndPassword_14yrt2gynfyh511250.png" target="_blank">[View Screenshot]</a> </div></div><div  class="teststeppass"><span class="teststeppass-label">T </span>And assert 'DashBoard.link.signoff' is not visible</div><div style="display:block;margin-left:10px;"><div  class="pass"><span class="pass-label">P </span>Expected sign off link not visible : Actual sign off link not visible <a href="img/LoginWithInvalidUsernameOrAndPassword_1a1y5jjb3tgl11251.png" target="_blank">[View Screenshot]</a> </div></div></div>]]>
            </line>
          </reporter-output>
        </test-method> <!-- Login with invalid username or/and password -->
        <test-method status="PASS" signature="afterMethod(org.testng.ITestContext, org.testng.ITestResult)[pri:0, instance:com.qmetry.qaf.automation.step.client.DataDrivenScenario@3ed]" test-instance-name="Login with invalid username or/and password" name="afterMethod" is-config="true" duration-ms="1" started-at="2018-12-17T13:32:45Z" finished-at="2018-12-17T13:32:45Z">
          <params>
            <param index="0">
              <value>
                <![CDATA[org.testng.TestRunner@799f10e1]]>
              </value>
            </param>
            <param index="1">
              <value>
                <![CDATA[[TestResult name=Login with invalid username or/and password status=SUCCESS method=scenarios.suite1.bdd.Login with invalid username or/and password( java.util.Map)[pri:1003, instance:com.qmetry.qaf.automation.step.client.DataDrivenScenario@3eb] output=<div style="display:block;margin-left:10px;"><div  class="teststeppass"><span class="teststeppass-label">T </span>Given get '/'</div><div  class="teststeppass"><span class="teststeppass-label">T </span>Then login with invalid details ''${args[0]}''</div><div  class="teststeppass"><span class="teststeppass-label">T </span>And assert 'loginpage.heading.signon' is visible</div><div style="display:block;margin-left:10px;"><div  class="pass"><span class="pass-label">P </span>Expected signon heading visible : Actual signon heading visible <a href="img/LoginWithInvalidUsernameOrAndPassword_14yrt2gynfyh511250.png" target="_blank">[View Screenshot]</a> </div></div><div  class="teststeppass"><span class="teststeppass-label">T </span>And assert 'DashBoard.link.signoff' is not visible</div><div style="display:block;margin-left:10px;"><div  class="pass"><span class="pass-label">P </span>Expected sign off link not visible : Actual sign off link not visible <a href="img/LoginWithInvalidUsernameOrAndPassword_1a1y5jjb3tgl11251.png" target="_blank">[View Screenshot]</a> </div></div></div>]]]>
              </value>
            </param>
          </params>
          <reporter-output>
          </reporter-output>
        </test-method> <!-- afterMethod -->
        <test-method status="PASS" signature="afterClass(org.testng.ITestContext)[pri:0, instance:com.qmetry.qaf.automation.step.client.DataDrivenScenario@3ed]" test-instance-name="Login with invalid username or/and password" name="afterClass" is-config="true" duration-ms="0" started-at="2018-12-17T13:32:45Z" finished-at="2018-12-17T13:32:45Z">
          <params>
            <param index="0">
              <value>
                <![CDATA[org.testng.TestRunner@799f10e1]]>
              </value>
            </param>
          </params>
          <reporter-output>
          </reporter-output>
        </test-method> <!-- afterClass -->
        <test-method status="PASS" signature="setup(org.testng.ITestContext)[pri:0, instance:com.qmetry.qaf.automation.step.client.DataDrivenScenario@3ed]" test-instance-name="Click signon and create user" name="setup" is-config="true" duration-ms="0" started-at="2018-12-17T13:32:50Z" finished-at="2018-12-17T13:32:50Z">
          <params>
            <param index="0">
              <value>
                <![CDATA[org.testng.TestRunner@799f10e1]]>
              </value>
            </param>
          </params>
          <reporter-output>
          </reporter-output>
        </test-method> <!-- setup -->
        <test-method status="PASS" signature="setupMethod(java.lang.reflect.Method, org.testng.ITestContext)[pri:0, instance:com.qmetry.qaf.automation.step.client.DataDrivenScenario@3ed]" test-instance-name="Click signon and create user" name="setupMethod" is-config="true" duration-ms="1" started-at="2018-12-17T13:32:50Z" finished-at="2018-12-17T13:32:50Z">
          <params>
            <param index="0">
              <value>
                <![CDATA[public void com.qmetry.qaf.automation.step.client.DataDrivenScenario.scenario(java.util.Map)]]>
              </value>
            </param>
            <param index="1">
              <value>
                <![CDATA[org.testng.TestRunner@799f10e1]]>
              </value>
            </param>
          </params>
          <reporter-output>
          </reporter-output>
        </test-method> <!-- setupMethod -->
        <test-method status="PASS" signature="Click signon and create user( java.util.Map)[pri:1005, instance:com.qmetry.qaf.automation.step.client.DataDrivenScenario@3ed]" test-instance-name="Click signon and create user" name="Click signon and create user" duration-ms="18715" started-at="2018-12-17T13:32:50Z" data-provider="scenariodp" finished-at="2018-12-17T13:33:09Z">
          <params>
            <param index="0">
              <value>
                <![CDATA[{index=1, fname=Elena, lname=Gilbert, phone=1234567890, email=abc@gmail.com, address=flat-007, baker street-202, address2=west side, city=New York, state=New York, postal=12345, country=UNITED STATES, username=Elena123, password=Elena123, msg=Dear Elena Gilbert,Thank you for registering. You may now sign-in using the user name and password you've just entered., description='Valid User Details'}]]>
              </value>
            </param>
          </params>
          <reporter-output>
            <line>
              <![CDATA[<div style="display:block;margin-left:10px;"><div  class="teststeppass"><span class="teststeppass-label">T </span>Given get '/'</div><div  class="teststeppass"><span class="teststeppass-label">T </span>And assert 'loginpage.heading.register' is visible</div><div style="display:block;margin-left:10px;"><div  class="pass"><span class="pass-label">P </span>Expected register heading visible : Actual register heading visible <a href="img/ClickSignonAndCreateUser_9iouitvgug1f11256.png" target="_blank">[View Screenshot]</a> </div></div><div  class="teststeppass"><span class="teststeppass-label">T </span>Then click on 'loginpage.heading.register'</div><div  class="teststeppass"><span class="teststeppass-label">T </span>Then fill details in form ''${args[0]}''</div><div  class="teststeppass"><span class="teststeppass-label">T </span>And assert 'registrationpage.msg.success' is visible</div><div style="display:block;margin-left:10px;"><div  class="pass"><span class="pass-label">P </span>Expected By.xpath: //table[@width='492']/tbody/tr[3]/td visible : Actual By.xpath: //table[@width='492']/tbody/tr[3]/td visible <a href="img/ClickSignonAndCreateUser_dmw1a1ueqflm11257.png" target="_blank">[View Screenshot]</a> </div></div></div>]]>
            </line>
          </reporter-output>
        </test-method> <!-- Click signon and create user -->
        <test-method status="PASS" signature="afterMethod(org.testng.ITestContext, org.testng.ITestResult)[pri:0, instance:com.qmetry.qaf.automation.step.client.DataDrivenScenario@3ed]" test-instance-name="Click signon and create user" name="afterMethod" is-config="true" duration-ms="0" started-at="2018-12-17T13:33:09Z" finished-at="2018-12-17T13:33:09Z">
          <params>
            <param index="0">
              <value>
                <![CDATA[org.testng.TestRunner@799f10e1]]>
              </value>
            </param>
            <param index="1">
              <value>
                <![CDATA[[TestResult name=Click signon and create user status=SUCCESS method=scenarios.suite1.bdd.Click signon and create user( java.util.Map)[pri:1005, instance:com.qmetry.qaf.automation.step.client.DataDrivenScenario@3ed] output=<div style="display:block;margin-left:10px;"><div  class="teststeppass"><span class="teststeppass-label">T </span>Given get '/'</div><div  class="teststeppass"><span class="teststeppass-label">T </span>And assert 'loginpage.heading.register' is visible</div><div style="display:block;margin-left:10px;"><div  class="pass"><span class="pass-label">P </span>Expected register heading visible : Actual register heading visible <a href="img/ClickSignonAndCreateUser_9iouitvgug1f11256.png" target="_blank">[View Screenshot]</a> </div></div><div  class="teststeppass"><span class="teststeppass-label">T </span>Then click on 'loginpage.heading.register'</div><div  class="teststeppass"><span class="teststeppass-label">T </span>Then fill details in form ''${args[0]}''</div><div  class="teststeppass"><span class="teststeppass-label">T </span>And assert 'registrationpage.msg.success' is visible</div><div style="display:block;margin-left:10px;"><div  class="pass"><span class="pass-label">P </span>Expected By.xpath: //table[@width='492']/tbody/tr[3]/td visible : Actual By.xpath: //table[@width='492']/tbody/tr[3]/td visible <a href="img/ClickSignonAndCreateUser_dmw1a1ueqflm11257.png" target="_blank">[View Screenshot]</a> </div></div></div>]]]>
              </value>
            </param>
          </params>
          <reporter-output>
          </reporter-output>
        </test-method> <!-- afterMethod -->
        <test-method status="PASS" signature="afterClass(org.testng.ITestContext)[pri:0, instance:com.qmetry.qaf.automation.step.client.DataDrivenScenario@3ed]" test-instance-name="Click signon and create user" name="afterClass" is-config="true" duration-ms="1" started-at="2018-12-17T13:33:09Z" finished-at="2018-12-17T13:33:09Z">
          <params>
            <param index="0">
              <value>
                <![CDATA[org.testng.TestRunner@799f10e1]]>
              </value>
            </param>
          </params>
          <reporter-output>
          </reporter-output>
        </test-method> <!-- afterClass -->
      </class> <!-- com.qmetry.qaf.automation.step.client.DataDrivenScenario -->
    </test> <!-- Test Story - Test 1 -->
    <test name="JAVA Test" duration-ms="0" started-at="2018-12-17T08:03:09Z" finished-at="2018-12-17T08:03:09Z">
      <class name="com.qmetry.qaf.automation.step.client.Scenario">
        <test-method status="PASS" signature="setupSuit(org.testng.ITestContext)[pri:0, instance:com.qmetry.qaf.automation.step.client.Scenario@3ec]" test-instance-name="Navigate to story page" name="setupSuit" is-config="true" duration-ms="19" started-at="2018-12-17T13:32:09Z" finished-at="2018-12-17T13:32:09Z">
          <params>
            <param index="0">
              <value>
                <![CDATA[org.testng.TestRunner@409bf450]]>
              </value>
            </param>
          </params>
          <reporter-output>
          </reporter-output>
        </test-method> <!-- setupSuit -->
        <test-method status="PASS" signature="afterSuit(org.testng.ITestContext)[pri:0, instance:com.qmetry.qaf.automation.step.client.Scenario@3ec]" test-instance-name="Navigate to story page" name="afterSuit" is-config="true" duration-ms="1" started-at="2018-12-17T13:33:09Z" finished-at="2018-12-17T13:33:09Z">
          <params>
            <param index="0">
              <value>
                <![CDATA[org.testng.TestRunner@409bf450]]>
              </value>
            </param>
          </params>
          <reporter-output>
          </reporter-output>
        </test-method> <!-- afterSuit -->
      </class> <!-- com.qmetry.qaf.automation.step.client.Scenario -->
    </test> <!-- JAVA Test -->
  </suite> <!-- QAF Example -->
</testng-results>
