<?xml version="1.0" encoding="UTF-8"?>
<testng-results skipped="0" failed="0" ignored="2" total="13" passed="11">
  <reporter-output>
    <line>
      <![CDATA[<div style="display:block;margin-left:10px;"><div  class="teststeppass"><span class="teststeppass-label">T </span>Given get '/'</div><div  class="teststeppass"><span class="teststeppass-label">T </span>And assert 'loginpage.input.username' is visible</div><div style="display:block;margin-left:10px;"><div  class="pass"><span class="pass-label">P </span>Expected username input on Loginpage visible : Actual username input on Loginpage visible <a href="img/NavigateToStoryPage_3yk7ufb556go46203.png" target="_blank">[View Screenshot]</a> </div></div><div  class="teststeppass"><span class="teststeppass-label">T </span>And assert 'loginpage.input.password' is visible</div><div style="display:block;margin-left:10px;"><div  class="pass"><span class="pass-label">P </span>Expected Password input on Loginpage visible : Actual Password input on Loginpage visible <a href="img/NavigateToStoryPage_1v5fl32asetp46204.png" target="_blank">[View Screenshot]</a> </div></div><div  class="teststeppass"><span class="teststeppass-label">T </span>And assert 'loginpage.heading.signon' is visible</div><div style="display:block;margin-left:10px;"><div  class="pass"><span class="pass-label">P </span>Expected signon heading visible : Actual signon heading visible <a href="img/NavigateToStoryPage_1d52bqymsz9fn46205.png" target="_blank">[View Screenshot]</a> </div></div><div  class="teststeppass"><span class="teststeppass-label">T </span>And assert 'loginpage.heading.register' is visible</div><div style="display:block;margin-left:10px;"><div  class="pass"><span class="pass-label">P </span>Expected register heading visible : Actual register heading visible <a href="img/NavigateToStoryPage_mc8uclbusd9246206.png" target="_blank">[View Screenshot]</a> </div></div><div  class="teststeppass"><span class="teststeppass-label">T </span>And assert 'loginpage.heading.support' is visible</div><div style="display:block;margin-left:10px;"><div  class="pass"><span class="pass-label">P </span>Expected support heading visible : Actual support heading visible <a href="img/NavigateToStoryPage_1g93s224ijlgr46207.png" target="_blank">[View Screenshot]</a> </div></div><div  class="teststeppass"><span class="teststeppass-label">T </span>And assert 'loginpage.heading.contact' is visible</div><div style="display:block;margin-left:10px;"><div  class="pass"><span class="pass-label">P </span>Expected By.xpath: //a[contains(text(),'CONTACT')] visible : Actual By.xpath: //a[contains(text(),'CONTACT')] visible <a href="img/NavigateToStoryPage_13ywqem65nhp146208.png" target="_blank">[View Screenshot]</a> </div></div><div  class="teststeppass"><span class="teststeppass-label">T </span>And assert 'loginpage.leftmenu.home' is visible</div><div style="display:block;margin-left:10px;"><div  class="pass"><span class="pass-label">P </span>Expected home left menu visible : Actual home left menu visible <a href="img/NavigateToStoryPage_11zex0asw0j7j46209.png" target="_blank">[View Screenshot]</a> </div></div><div  class="teststeppass"><span class="teststeppass-label">T </span>And assert 'loginpage.leftmenu.flights' is visible</div><div style="display:block;margin-left:10px;"><div  class="pass"><span class="pass-label">P </span>Expected flights left menu visible : Actual flights left menu visible <a href="img/NavigateToStoryPage_1issatsjwe4kp46210.png" target="_blank">[View Screenshot]</a> </div></div></div>]]>
    </line>
    <line>
      <![CDATA[<div style="display:block;margin-left:10px;"><div  class="teststeppass"><span class="teststeppass-label">T </span>Given get '/'</div><div  class="teststeppass"><span class="teststeppass-label">T </span>Then login with 'guest' and 'guest'</div><div  class="teststeppass"><span class="teststeppass-label">T </span>Then logout from</div></div>]]>
    </line>
    <line>
      <![CDATA[<div style="display:block;margin-left:10px;"><div  class="teststeppass"><span class="teststeppass-label">T </span>Given get '/'</div><div  class="teststeppass"><span class="teststeppass-label">T </span>Then login with 'guest' and 'guest'</div></div>]]>
    </line>
    <line>
      <![CDATA[<div style="display:block;margin-left:10px;"><div  class="teststeppass"><span class="teststeppass-label">T </span>Given get '/'</div><div  class="teststeppass"><span class="teststeppass-label">T </span>And assert 'loginpage.input.username' is visible</div><div style="display:block;margin-left:10px;"><div  class="pass"><span class="pass-label">P </span>Expected username input on Loginpage visible : Actual username input on Loginpage visible <a href="img/NavigateToStoryPage_146ibyb483jw846211.png" target="_blank">[View Screenshot]</a> </div></div><div  class="teststeppass"><span class="teststeppass-label">T </span>And assert 'loginpage.input.password' is visible</div><div style="display:block;margin-left:10px;"><div  class="pass"><span class="pass-label">P </span>Expected Password input on Loginpage visible : Actual Password input on Loginpage visible <a href="img/NavigateToStoryPage_7wh1ngab5md946212.png" target="_blank">[View Screenshot]</a> </div></div><div  class="teststeppass"><span class="teststeppass-label">T </span>And assert 'loginpage.heading.signon' is visible</div><div style="display:block;margin-left:10px;"><div  class="pass"><span class="pass-label">P </span>Expected signon heading visible : Actual signon heading visible <a href="img/NavigateToStoryPage_j8hoj0wwnhgg46213.png" target="_blank">[View Screenshot]</a> </div></div><div  class="teststeppass"><span class="teststeppass-label">T </span>And assert 'loginpage.heading.register' is visible</div><div style="display:block;margin-left:10px;"><div  class="pass"><span class="pass-label">P </span>Expected register heading visible : Actual register heading visible <a href="img/NavigateToStoryPage_52f0e3nhpjxk46214.png" target="_blank">[View Screenshot]</a> </div></div><div  class="teststeppass"><span class="teststeppass-label">T </span>And assert 'loginpage.heading.support' is visible</div><div style="display:block;margin-left:10px;"><div  class="pass"><span class="pass-label">P </span>Expected support heading visible : Actual support heading visible <a href="img/NavigateToStoryPage_heig41ji6xuv46215.png" target="_blank">[View Screenshot]</a> </div></div><div  class="teststeppass"><span class="teststeppass-label">T </span>And assert 'loginpage.heading.contact' is visible</div><div style="display:block;margin-left:10px;"><div  class="pass"><span class="pass-label">P </span>Expected By.xpath: //a[contains(text(),'CONTACT')] visible : Actual By.xpath: //a[contains(text(),'CONTACT')] visible <a href="img/NavigateToStoryPage_r007ptje61gw46216.png" target="_blank">[View Screenshot]</a> </div></div><div  class="teststeppass"><span class="teststeppass-label">T </span>And assert 'loginpage.leftmenu.home' is visible</div><div style="display:block;margin-left:10px;"><div  class="pass"><span class="pass-label">P </span>Expected home left menu visible : Actual home left menu visible <a href="img/NavigateToStoryPage_rmbn1pdjvr1a46217.png" target="_blank">[View Screenshot]</a> </div></div><div  class="teststeppass"><span class="teststeppass-label">T </span>And assert 'loginpage.leftmenu.flights' is visible</div><div style="display:block;margin-left:10px;"><div  class="pass"><span class="pass-label">P </span>Expected flights left menu visible : Actual flights left menu visible <a href="img/NavigateToStoryPage_1y08m9gaf7rom46218.png" target="_blank">[View Screenshot]</a> </div></div></div>]]>
    </line>
    <line>
      <![CDATA[<div style="display:block;margin-left:10px;"><div  class="teststeppass"><span class="teststeppass-label">T </span>Given get '/'</div><div  class="teststeppass"><span class="teststeppass-label">T </span>Then login with 'guest' and 'guest'</div><div  class="teststeppass"><span class="teststeppass-label">T </span>Then logout from</div></div>]]>
    </line>
    <line>
      <![CDATA[<div style="display:block;margin-left:10px;"><div  class="teststeppass"><span class="teststeppass-label">T </span>Given get '/'</div><div  class="teststeppass"><span class="teststeppass-label">T </span>Then login with 'guest' and 'guest'</div></div>]]>
    </line>
    <line>
      <![CDATA[<div style="display:block;margin-left:10px;"><div  class="teststeppass"><span class="teststeppass-label">T </span>Given get '/'</div><div  class="teststeppass"><span class="teststeppass-label">T </span>Then login with invalid details ''${args[0]}''</div><div  class="teststeppass"><span class="teststeppass-label">T </span>And assert 'loginpage.heading.signon' is visible</div><div style="display:block;margin-left:10px;"><div  class="pass"><span class="pass-label">P </span>Expected signon heading visible : Actual signon heading visible <a href="img/LoginWithInvalidUsernameOrAndPassword_qqsxi4dzgjs546219.png" target="_blank">[View Screenshot]</a> </div></div><div  class="teststeppass"><span class="teststeppass-label">T </span>And assert 'DashBoard.link.signoff' is not visible</div><div style="display:block;margin-left:10px;"><div  class="pass"><span class="pass-label">P </span>Expected sign off link not visible : Actual sign off link not visible <a href="img/LoginWithInvalidUsernameOrAndPassword_1le537f68zrc246220.png" target="_blank">[View Screenshot]</a> </div></div></div>]]>
    </line>
    <line>
      <![CDATA[<div style="display:block;margin-left:10px;"><div  class="teststeppass"><span class="teststeppass-label">T </span>Given get '/'</div><div  class="teststeppass"><span class="teststeppass-label">T </span>Then login with invalid details ''${args[0]}''</div><div  class="teststeppass"><span class="teststeppass-label">T </span>And assert 'loginpage.heading.signon' is visible</div><div style="display:block;margin-left:10px;"><div  class="pass"><span class="pass-label">P </span>Expected signon heading visible : Actual signon heading visible <a href="img/LoginWithInvalidUsernameOrAndPassword_wu6vnh5cte2c46221.png" target="_blank">[View Screenshot]</a> </div></div><div  class="teststeppass"><span class="teststeppass-label">T </span>And assert 'DashBoard.link.signoff' is not visible</div><div style="display:block;margin-left:10px;"><div  class="pass"><span class="pass-label">P </span>Expected sign off link not visible : Actual sign off link not visible <a href="img/LoginWithInvalidUsernameOrAndPassword_1kyru5qd4pe4146222.png" target="_blank">[View Screenshot]</a> </div></div></div>]]>
    </line>
    <line>
      <![CDATA[<div style="display:block;margin-left:10px;"><div  class="teststeppass"><span class="teststeppass-label">T </span>Given get '/'</div><div  class="teststeppass"><span class="teststeppass-label">T </span>Then login with invalid details ''${args[0]}''</div><div  class="teststeppass"><span class="teststeppass-label">T </span>And assert 'loginpage.heading.signon' is visible</div><div style="display:block;margin-left:10px;"><div  class="pass"><span class="pass-label">P </span>Expected signon heading visible : Actual signon heading visible <a href="img/LoginWithInvalidUsernameOrAndPassword_1tzh6sbqfocwb46223.png" target="_blank">[View Screenshot]</a> </div></div><div  class="teststeppass"><span class="teststeppass-label">T </span>And assert 'DashBoard.link.signoff' is not visible</div><div style="display:block;margin-left:10px;"><div  class="pass"><span class="pass-label">P </span>Expected sign off link not visible : Actual sign off link not visible <a href="img/LoginWithInvalidUsernameOrAndPassword_1c8we8cmnwygo46224.png" target="_blank">[View Screenshot]</a> </div></div></div>]]>
    </line>
    <line>
      <![CDATA[<div style="display:block;margin-left:10px;"><div  class="teststeppass"><span class="teststeppass-label">T </span>Given get '/'</div><div  class="teststeppass"><span class="teststeppass-label">T </span>And assert 'loginpage.heading.contact' is visible</div><div style="display:block;margin-left:10px;"><div  class="pass"><span class="pass-label">P </span>Expected By.xpath: //a[contains(text(),'CONTACT')] visible : Actual By.xpath: //a[contains(text(),'CONTACT')] visible <a href="img/ClickContactAndVerifyInformation_1huf92x36fty546225.png" target="_blank">[View Screenshot]</a> </div></div><div  class="teststeppass"><span class="teststeppass-label">T </span>Then click on 'loginpage.heading.contact'</div><div  class="teststeppass"><span class="teststeppass-label">T </span>And assert 'contactpage.text.underConstruction' is visible</div><div style="display:block;margin-left:10px;"><div  class="pass"><span class="pass-label">P </span>Expected By.xpath: //font[@face='Arial, Helvetica, sans-serif'][@size='2'] visible : Actual By.xpath: //font[@face='Arial, Helvetica, sans-serif'][@size='2'] visible <a href="img/ClickContactAndVerifyInformation_ctjozarto25d46226.png" target="_blank">[View Screenshot]</a> </div></div><div  class="teststeppass"><span class="teststeppass-label">T </span>And  assert 'contactpage.button.backhome' is visible</div><div style="display:block;margin-left:10px;"><div  class="pass"><span class="pass-label">P </span>Expected By.xpath: //img[@src='/images/forms/home.gif'] visible : Actual By.xpath: //img[@src='/images/forms/home.gif'] visible <a href="img/ClickContactAndVerifyInformation_1sjmc6x87947h46227.png" target="_blank">[View Screenshot]</a> </div></div><div  class="teststeppass"><span class="teststeppass-label">T </span>Then click on 'contactpage.button.backhome'</div><div  class="teststeppass"><span class="teststeppass-label">T </span>And assert 'loginpage.input.username' is visible</div><div style="display:block;margin-left:10px;"><div  class="pass"><span class="pass-label">P </span>Expected username input on Loginpage visible : Actual username input on Loginpage visible <a href="img/ClickContactAndVerifyInformation_2kpp6m606qj446228.png" target="_blank">[View Screenshot]</a> </div></div></div>]]>
    </line>
    <line>
      <![CDATA[<div style="display:block;margin-left:10px;"><div  class="teststeppass"><span class="teststeppass-label">T </span>Given get '/'</div><div  class="teststeppass"><span class="teststeppass-label">T </span>And assert 'loginpage.heading.register' is visible</div><div style="display:block;margin-left:10px;"><div  class="pass"><span class="pass-label">P </span>Expected register heading visible : Actual register heading visible <a href="img/ClickSignonAndCreateUser_apj4pg1du3tj46229.png" target="_blank">[View Screenshot]</a> </div></div><div  class="teststeppass"><span class="teststeppass-label">T </span>Then click on 'loginpage.heading.register'</div><div  class="teststeppass"><span class="teststeppass-label">T </span>Then fill details in form ''${args[0]}''</div><div  class="teststeppass"><span class="teststeppass-label">T </span>And assert 'registrationpage.msg.success' is visible</div><div style="display:block;margin-left:10px;"><div  class="pass"><span class="pass-label">P </span>Expected By.xpath: //table[@width='492']/tbody/tr[3]/td visible : Actual By.xpath: //table[@width='492']/tbody/tr[3]/td visible <a href="img/ClickSignonAndCreateUser_1gwcvlzlpzm2b46230.png" target="_blank">[View Screenshot]</a> </div></div></div>]]>
    </line>
  </reporter-output>
  <suite name="QAF Example" duration-ms="475146" started-at="2019-01-04T11:08:49Z" finished-at="2019-01-04T11:16:44Z">
    <groups>
      <group name="P1">
        <method signature="scenarios.verLoginLogout.bdd.Login to Dashboard with username and password()[pri:1000, instance:com.qmetry.qaf.automation.step.client.Scenario@3e8]" name="Login to Dashboard with username and password" class="com.qmetry.qaf.automation.step.client.Scenario"/>
        <method signature="scenarios.verLoginLogout.bdd.Logout from Dashboard()[pri:1000, instance:com.qmetry.qaf.automation.step.client.Scenario@3e8]" name="Logout from Dashboard" class="com.qmetry.qaf.automation.step.client.Scenario"/>
        <method signature="scenarios.verLoginLogout.bdd.Navigate to story page()[pri:1000, instance:com.qmetry.qaf.automation.step.client.Scenario@3e8]" name="Navigate to story page" class="com.qmetry.qaf.automation.step.client.Scenario"/>
        <method signature="scenarios.verLoginLogout.bdd.Login to Dashboard with username and password()[pri:1000, instance:com.qmetry.qaf.automation.step.client.Scenario@3e8]" name="Login to Dashboard with username and password" class="com.qmetry.qaf.automation.step.client.Scenario"/>
        <method signature="scenarios.verLoginLogout.bdd.Logout from Dashboard()[pri:1000, instance:com.qmetry.qaf.automation.step.client.Scenario@3e8]" name="Logout from Dashboard" class="com.qmetry.qaf.automation.step.client.Scenario"/>
        <method signature="scenarios.verLoginLogout.bdd.Navigate to story page()[pri:1000, instance:com.qmetry.qaf.automation.step.client.Scenario@3e8]" name="Navigate to story page" class="com.qmetry.qaf.automation.step.client.Scenario"/>
      </group> <!-- P1 -->
      <group name="Test Authoring">
        <method signature="scenarios.invalidUserLogin.bdd.Login with invalid username or/and password( java.util.Map)[pri:1006, instance:com.qmetry.qaf.automation.step.client.DataDrivenScenario@3ee]" name="Login with invalid username or/and password" class="com.qmetry.qaf.automation.step.client.DataDrivenScenario"/>
        <method signature="scenarios.verifyContact.bdd.Click contact and verify information()[pri:1007, instance:com.qmetry.qaf.automation.step.client.Scenario@3ef]" name="Click contact and verify information" class="com.qmetry.qaf.automation.step.client.Scenario"/>
        <method signature="scenarios.createUser.bdd.Click signon and create user( java.util.Map)[pri:1008, instance:com.qmetry.qaf.automation.step.client.DataDrivenScenario@3f0]" name="Click signon and create user" class="com.qmetry.qaf.automation.step.client.DataDrivenScenario"/>
      </group> <!-- Test Authoring -->
      <group name="Create">
        <method signature="scenarios.invalidUserLogin.bdd.Login with invalid username or/and password( java.util.Map)[pri:1006, instance:com.qmetry.qaf.automation.step.client.DataDrivenScenario@3ee]" name="Login with invalid username or/and password" class="com.qmetry.qaf.automation.step.client.DataDrivenScenario"/>
        <method signature="scenarios.verifyContact.bdd.Click contact and verify information()[pri:1007, instance:com.qmetry.qaf.automation.step.client.Scenario@3ef]" name="Click contact and verify information" class="com.qmetry.qaf.automation.step.client.Scenario"/>
        <method signature="scenarios.createUser.bdd.Click signon and create user( java.util.Map)[pri:1008, instance:com.qmetry.qaf.automation.step.client.DataDrivenScenario@3f0]" name="Click signon and create user" class="com.qmetry.qaf.automation.step.client.DataDrivenScenario"/>
      </group> <!-- Create -->
      <group name="SMOKE">
        <method signature="scenarios.invalidUserLogin.bdd.Login with invalid username or/and password( java.util.Map)[pri:1006, instance:com.qmetry.qaf.automation.step.client.DataDrivenScenario@3ee]" name="Login with invalid username or/and password" class="com.qmetry.qaf.automation.step.client.DataDrivenScenario"/>
        <method signature="scenarios.verifyContact.bdd.Click contact and verify information()[pri:1007, instance:com.qmetry.qaf.automation.step.client.Scenario@3ef]" name="Click contact and verify information" class="com.qmetry.qaf.automation.step.client.Scenario"/>
        <method signature="scenarios.createUser.bdd.Click signon and create user( java.util.Map)[pri:1008, instance:com.qmetry.qaf.automation.step.client.DataDrivenScenario@3f0]" name="Click signon and create user" class="com.qmetry.qaf.automation.step.client.DataDrivenScenario"/>
      </group> <!-- SMOKE -->
      <group name="Story">
        <method signature="scenarios.verLoginLogout.bdd.Login to Dashboard with username and password()[pri:1000, instance:com.qmetry.qaf.automation.step.client.Scenario@3e8]" name="Login to Dashboard with username and password" class="com.qmetry.qaf.automation.step.client.Scenario"/>
        <method signature="scenarios.verLoginLogout.bdd.Logout from Dashboard()[pri:1000, instance:com.qmetry.qaf.automation.step.client.Scenario@3e8]" name="Logout from Dashboard" class="com.qmetry.qaf.automation.step.client.Scenario"/>
        <method signature="scenarios.verLoginLogout.bdd.Navigate to story page()[pri:1000, instance:com.qmetry.qaf.automation.step.client.Scenario@3e8]" name="Navigate to story page" class="com.qmetry.qaf.automation.step.client.Scenario"/>
        <method signature="scenarios.verLoginLogout.bdd.Login to Dashboard with username and password()[pri:1000, instance:com.qmetry.qaf.automation.step.client.Scenario@3e8]" name="Login to Dashboard with username and password" class="com.qmetry.qaf.automation.step.client.Scenario"/>
        <method signature="scenarios.verLoginLogout.bdd.Logout from Dashboard()[pri:1000, instance:com.qmetry.qaf.automation.step.client.Scenario@3e8]" name="Logout from Dashboard" class="com.qmetry.qaf.automation.step.client.Scenario"/>
        <method signature="scenarios.verLoginLogout.bdd.Navigate to story page()[pri:1000, instance:com.qmetry.qaf.automation.step.client.Scenario@3e8]" name="Navigate to story page" class="com.qmetry.qaf.automation.step.client.Scenario"/>
        <method signature="scenarios.invalidUserLogin.bdd.Login with invalid username or/and password( java.util.Map)[pri:1006, instance:com.qmetry.qaf.automation.step.client.DataDrivenScenario@3ee]" name="Login with invalid username or/and password" class="com.qmetry.qaf.automation.step.client.DataDrivenScenario"/>
        <method signature="scenarios.verifyContact.bdd.Click contact and verify information()[pri:1007, instance:com.qmetry.qaf.automation.step.client.Scenario@3ef]" name="Click contact and verify information" class="com.qmetry.qaf.automation.step.client.Scenario"/>
        <method signature="scenarios.createUser.bdd.Click signon and create user( java.util.Map)[pri:1008, instance:com.qmetry.qaf.automation.step.client.DataDrivenScenario@3f0]" name="Click signon and create user" class="com.qmetry.qaf.automation.step.client.DataDrivenScenario"/>
      </group> <!-- Story -->
    </groups>
    <test name="Test Story - Test 2" duration-ms="95145" started-at="2019-01-04T11:08:49Z" finished-at="2019-01-04T11:10:24Z">
      <class name="com.qmetry.qaf.automation.step.client.Scenario">
        <test-method status="PASS" signature="setupTest(org.testng.ITestContext)[pri:0, instance:com.qmetry.qaf.automation.step.client.Scenario@3e8]" test-instance-name="Navigate to story page" name="setupTest" is-config="true" duration-ms="1" started-at="2019-01-04T16:38:49Z" finished-at="2019-01-04T16:38:49Z">
          <params>
            <param index="0">
              <value>
                <![CDATA[org.testng.TestRunner@71d44a3]]>
              </value>
            </param>
          </params>
          <reporter-output>
          </reporter-output>
        </test-method> <!-- setupTest -->
        <test-method status="PASS" signature="setup(org.testng.ITestContext)[pri:0, instance:com.qmetry.qaf.automation.step.client.Scenario@3e8]" test-instance-name="Navigate to story page" name="setup" is-config="true" duration-ms="1" started-at="2019-01-04T16:38:49Z" finished-at="2019-01-04T16:38:49Z">
          <params>
            <param index="0">
              <value>
                <![CDATA[org.testng.TestRunner@71d44a3]]>
              </value>
            </param>
          </params>
          <reporter-output>
          </reporter-output>
        </test-method> <!-- setup -->
        <test-method status="PASS" signature="setupMethod(java.lang.reflect.Method, org.testng.ITestContext)[pri:0, instance:com.qmetry.qaf.automation.step.client.Scenario@3e8]" test-instance-name="Navigate to story page" name="setupMethod" is-config="true" duration-ms="1" started-at="2019-01-04T16:38:49Z" finished-at="2019-01-04T16:38:49Z">
          <params>
            <param index="0">
              <value>
                <![CDATA[public void com.qmetry.qaf.automation.step.client.Scenario.scenario()]]>
              </value>
            </param>
            <param index="1">
              <value>
                <![CDATA[org.testng.TestRunner@71d44a3]]>
              </value>
            </param>
          </params>
          <reporter-output>
          </reporter-output>
        </test-method> <!-- setupMethod -->
        <test-method status="PASS" signature="Navigate to story page()[pri:1000, instance:com.qmetry.qaf.automation.step.client.Scenario@3e8]" test-instance-name="Navigate to story page" name="Navigate to story page" duration-ms="9238" started-at="2019-01-04T16:38:49Z" description="verify login page" finished-at="2019-01-04T16:38:58Z">
          <reporter-output>
            <line>
              <![CDATA[<div style="display:block;margin-left:10px;"><div  class="teststeppass"><span class="teststeppass-label">T </span>Given get '/'</div><div  class="teststeppass"><span class="teststeppass-label">T </span>And assert 'loginpage.input.username' is visible</div><div style="display:block;margin-left:10px;"><div  class="pass"><span class="pass-label">P </span>Expected username input on Loginpage visible : Actual username input on Loginpage visible <a href="img/NavigateToStoryPage_3yk7ufb556go46203.png" target="_blank">[View Screenshot]</a> </div></div><div  class="teststeppass"><span class="teststeppass-label">T </span>And assert 'loginpage.input.password' is visible</div><div style="display:block;margin-left:10px;"><div  class="pass"><span class="pass-label">P </span>Expected Password input on Loginpage visible : Actual Password input on Loginpage visible <a href="img/NavigateToStoryPage_1v5fl32asetp46204.png" target="_blank">[View Screenshot]</a> </div></div><div  class="teststeppass"><span class="teststeppass-label">T </span>And assert 'loginpage.heading.signon' is visible</div><div style="display:block;margin-left:10px;"><div  class="pass"><span class="pass-label">P </span>Expected signon heading visible : Actual signon heading visible <a href="img/NavigateToStoryPage_1d52bqymsz9fn46205.png" target="_blank">[View Screenshot]</a> </div></div><div  class="teststeppass"><span class="teststeppass-label">T </span>And assert 'loginpage.heading.register' is visible</div><div style="display:block;margin-left:10px;"><div  class="pass"><span class="pass-label">P </span>Expected register heading visible : Actual register heading visible <a href="img/NavigateToStoryPage_mc8uclbusd9246206.png" target="_blank">[View Screenshot]</a> </div></div><div  class="teststeppass"><span class="teststeppass-label">T </span>And assert 'loginpage.heading.support' is visible</div><div style="display:block;margin-left:10px;"><div  class="pass"><span class="pass-label">P </span>Expected support heading visible : Actual support heading visible <a href="img/NavigateToStoryPage_1g93s224ijlgr46207.png" target="_blank">[View Screenshot]</a> </div></div><div  class="teststeppass"><span class="teststeppass-label">T </span>And assert 'loginpage.heading.contact' is visible</div><div style="display:block;margin-left:10px;"><div  class="pass"><span class="pass-label">P </span>Expected By.xpath: //a[contains(text(),'CONTACT')] visible : Actual By.xpath: //a[contains(text(),'CONTACT')] visible <a href="img/NavigateToStoryPage_13ywqem65nhp146208.png" target="_blank">[View Screenshot]</a> </div></div><div  class="teststeppass"><span class="teststeppass-label">T </span>And assert 'loginpage.leftmenu.home' is visible</div><div style="display:block;margin-left:10px;"><div  class="pass"><span class="pass-label">P </span>Expected home left menu visible : Actual home left menu visible <a href="img/NavigateToStoryPage_11zex0asw0j7j46209.png" target="_blank">[View Screenshot]</a> </div></div><div  class="teststeppass"><span class="teststeppass-label">T </span>And assert 'loginpage.leftmenu.flights' is visible</div><div style="display:block;margin-left:10px;"><div  class="pass"><span class="pass-label">P </span>Expected flights left menu visible : Actual flights left menu visible <a href="img/NavigateToStoryPage_1issatsjwe4kp46210.png" target="_blank">[View Screenshot]</a> </div></div></div>]]>
            </line>
          </reporter-output>
        </test-method> <!-- Navigate to story page -->
        <test-method status="PASS" signature="afterMethod(org.testng.ITestContext, org.testng.ITestResult)[pri:0, instance:com.qmetry.qaf.automation.step.client.Scenario@3e8]" test-instance-name="Navigate to story page" name="afterMethod" is-config="true" duration-ms="0" started-at="2019-01-04T16:38:58Z" finished-at="2019-01-04T16:38:58Z">
          <params>
            <param index="0">
              <value>
                <![CDATA[org.testng.TestRunner@71d44a3]]>
              </value>
            </param>
            <param index="1">
              <value>
                <![CDATA[[TestResult name=Navigate to story page status=SUCCESS method=scenarios.verLoginLogout.bdd.Navigate to story page()[pri:1000, instance:com.qmetry.qaf.automation.step.client.Scenario@3e8] output=<div style="display:block;margin-left:10px;"><div  class="teststeppass"><span class="teststeppass-label">T </span>Given get '/'</div><div  class="teststeppass"><span class="teststeppass-label">T </span>And assert 'loginpage.input.username' is visible</div><div style="display:block;margin-left:10px;"><div  class="pass"><span class="pass-label">P </span>Expected username input on Loginpage visible : Actual username input on Loginpage visible <a href="img/NavigateToStoryPage_3yk7ufb556go46203.png" target="_blank">[View Screenshot]</a> </div></div><div  class="teststeppass"><span class="teststeppass-label">T </span>And assert 'loginpage.input.password' is visible</div><div style="display:block;margin-left:10px;"><div  class="pass"><span class="pass-label">P </span>Expected Password input on Loginpage visible : Actual Password input on Loginpage visible <a href="img/NavigateToStoryPage_1v5fl32asetp46204.png" target="_blank">[View Screenshot]</a> </div></div><div  class="teststeppass"><span class="teststeppass-label">T </span>And assert 'loginpage.heading.signon' is visible</div><div style="display:block;margin-left:10px;"><div  class="pass"><span class="pass-label">P </span>Expected signon heading visible : Actual signon heading visible <a href="img/NavigateToStoryPage_1d52bqymsz9fn46205.png" target="_blank">[View Screenshot]</a> </div></div><div  class="teststeppass"><span class="teststeppass-label">T </span>And assert 'loginpage.heading.register' is visible</div><div style="display:block;margin-left:10px;"><div  class="pass"><span class="pass-label">P </span>Expected register heading visible : Actual register heading visible <a href="img/NavigateToStoryPage_mc8uclbusd9246206.png" target="_blank">[View Screenshot]</a> </div></div><div  class="teststeppass"><span class="teststeppass-label">T </span>And assert 'loginpage.heading.support' is visible</div><div style="display:block;margin-left:10px;"><div  class="pass"><span class="pass-label">P </span>Expected support heading visible : Actual support heading visible <a href="img/NavigateToStoryPage_1g93s224ijlgr46207.png" target="_blank">[View Screenshot]</a> </div></div><div  class="teststeppass"><span class="teststeppass-label">T </span>And assert 'loginpage.heading.contact' is visible</div><div style="display:block;margin-left:10px;"><div  class="pass"><span class="pass-label">P </span>Expected By.xpath: //a[contains(text(),'CONTACT')] visible : Actual By.xpath: //a[contains(text(),'CONTACT')] visible <a href="img/NavigateToStoryPage_13ywqem65nhp146208.png" target="_blank">[View Screenshot]</a> </div></div><div  class="teststeppass"><span class="teststeppass-label">T </span>And assert 'loginpage.leftmenu.home' is visible</div><div style="display:block;margin-left:10px;"><div  class="pass"><span class="pass-label">P </span>Expected home left menu visible : Actual home left menu visible <a href="img/NavigateToStoryPage_11zex0asw0j7j46209.png" target="_blank">[View Screenshot]</a> </div></div><div  class="teststeppass"><span class="teststeppass-label">T </span>And assert 'loginpage.leftmenu.flights' is visible</div><div style="display:block;margin-left:10px;"><div  class="pass"><span class="pass-label">P </span>Expected flights left menu visible : Actual flights left menu visible <a href="img/NavigateToStoryPage_1issatsjwe4kp46210.png" target="_blank">[View Screenshot]</a> </div></div></div>]]]>
              </value>
            </param>
          </params>
          <reporter-output>
          </reporter-output>
        </test-method> <!-- afterMethod -->
        <test-method status="PASS" signature="afterClass(org.testng.ITestContext)[pri:0, instance:com.qmetry.qaf.automation.step.client.Scenario@3e8]" test-instance-name="Navigate to story page" name="afterClass" is-config="true" duration-ms="0" started-at="2019-01-04T16:38:58Z" finished-at="2019-01-04T16:38:58Z">
          <params>
            <param index="0">
              <value>
                <![CDATA[org.testng.TestRunner@71d44a3]]>
              </value>
            </param>
          </params>
          <reporter-output>
          </reporter-output>
        </test-method> <!-- afterClass -->
        <test-method status="PASS" signature="setup(org.testng.ITestContext)[pri:0, instance:com.qmetry.qaf.automation.step.client.Scenario@3e8]" test-instance-name="Logout from Dashboard" name="setup" is-config="true" duration-ms="0" started-at="2019-01-04T16:38:58Z" finished-at="2019-01-04T16:38:58Z">
          <params>
            <param index="0">
              <value>
                <![CDATA[org.testng.TestRunner@71d44a3]]>
              </value>
            </param>
          </params>
          <reporter-output>
          </reporter-output>
        </test-method> <!-- setup -->
        <test-method status="PASS" signature="setupMethod(java.lang.reflect.Method, org.testng.ITestContext)[pri:0, instance:com.qmetry.qaf.automation.step.client.Scenario@3e8]" test-instance-name="Logout from Dashboard" name="setupMethod" is-config="true" duration-ms="3" started-at="2019-01-04T16:38:58Z" finished-at="2019-01-04T16:38:58Z">
          <params>
            <param index="0">
              <value>
                <![CDATA[public void com.qmetry.qaf.automation.step.client.Scenario.scenario()]]>
              </value>
            </param>
            <param index="1">
              <value>
                <![CDATA[org.testng.TestRunner@71d44a3]]>
              </value>
            </param>
          </params>
          <reporter-output>
          </reporter-output>
        </test-method> <!-- setupMethod -->
        <test-method status="PASS" signature="Logout from Dashboard()[pri:1000, instance:com.qmetry.qaf.automation.step.client.Scenario@3e8]" test-instance-name="Logout from Dashboard" name="Logout from Dashboard" duration-ms="68877" started-at="2019-01-04T16:38:58Z" description="navigation" finished-at="2019-01-04T16:40:07Z">
          <reporter-output>
            <line>
              <![CDATA[<div style="display:block;margin-left:10px;"><div  class="teststeppass"><span class="teststeppass-label">T </span>Given get '/'</div><div  class="teststeppass"><span class="teststeppass-label">T </span>Then login with 'guest' and 'guest'</div><div  class="teststeppass"><span class="teststeppass-label">T </span>Then logout from</div></div>]]>
            </line>
          </reporter-output>
        </test-method> <!-- Logout from Dashboard -->
        <test-method status="PASS" signature="afterClass(org.testng.ITestContext)[pri:0, instance:com.qmetry.qaf.automation.step.client.Scenario@3e8]" test-instance-name="Logout from Dashboard" name="afterClass" is-config="true" duration-ms="0" started-at="2019-01-04T16:40:07Z" finished-at="2019-01-04T16:40:07Z">
          <params>
            <param index="0">
              <value>
                <![CDATA[org.testng.TestRunner@71d44a3]]>
              </value>
            </param>
          </params>
          <reporter-output>
          </reporter-output>
        </test-method> <!-- afterClass -->
        <test-method status="PASS" signature="setup(org.testng.ITestContext)[pri:0, instance:com.qmetry.qaf.automation.step.client.Scenario@3e8]" test-instance-name="Login to Dashboard with username and password" name="setup" is-config="true" duration-ms="0" started-at="2019-01-04T16:40:07Z" finished-at="2019-01-04T16:40:07Z">
          <params>
            <param index="0">
              <value>
                <![CDATA[org.testng.TestRunner@71d44a3]]>
              </value>
            </param>
          </params>
          <reporter-output>
          </reporter-output>
        </test-method> <!-- setup -->
        <test-method status="PASS" signature="setupMethod(java.lang.reflect.Method, org.testng.ITestContext)[pri:0, instance:com.qmetry.qaf.automation.step.client.Scenario@3e8]" test-instance-name="Login to Dashboard with username and password" name="setupMethod" is-config="true" duration-ms="0" started-at="2019-01-04T16:40:07Z" finished-at="2019-01-04T16:40:07Z">
          <params>
            <param index="0">
              <value>
                <![CDATA[public void com.qmetry.qaf.automation.step.client.Scenario.scenario()]]>
              </value>
            </param>
            <param index="1">
              <value>
                <![CDATA[org.testng.TestRunner@71d44a3]]>
              </value>
            </param>
          </params>
          <reporter-output>
          </reporter-output>
        </test-method> <!-- setupMethod -->
        <test-method status="PASS" signature="Login to Dashboard with username and password()[pri:1000, instance:com.qmetry.qaf.automation.step.client.Scenario@3e8]" test-instance-name="Login to Dashboard with username and password" name="Login to Dashboard with username and password" duration-ms="16778" started-at="2019-01-04T16:40:07Z" description="login with correct user name password" finished-at="2019-01-04T16:40:24Z">
          <reporter-output>
            <line>
              <![CDATA[<div style="display:block;margin-left:10px;"><div  class="teststeppass"><span class="teststeppass-label">T </span>Given get '/'</div><div  class="teststeppass"><span class="teststeppass-label">T </span>Then login with 'guest' and 'guest'</div></div>]]>
            </line>
          </reporter-output>
        </test-method> <!-- Login to Dashboard with username and password -->
        <test-method status="PASS" signature="afterMethod(org.testng.ITestContext, org.testng.ITestResult)[pri:0, instance:com.qmetry.qaf.automation.step.client.Scenario@3e8]" test-instance-name="Logout from Dashboard" name="afterMethod" is-config="true" duration-ms="0" started-at="2019-01-04T16:40:07Z" finished-at="2019-01-04T16:40:07Z">
          <params>
            <param index="0">
              <value>
                <![CDATA[org.testng.TestRunner@71d44a3]]>
              </value>
            </param>
            <param index="1">
              <value>
                <![CDATA[[TestResult name=Logout from Dashboard status=SUCCESS method=scenarios.verLoginLogout.bdd.Logout from Dashboard()[pri:1000, instance:com.qmetry.qaf.automation.step.client.Scenario@3e8] output=<div style="display:block;margin-left:10px;"><div  class="teststeppass"><span class="teststeppass-label">T </span>Given get '/'</div><div  class="teststeppass"><span class="teststeppass-label">T </span>Then login with 'guest' and 'guest'</div><div  class="teststeppass"><span class="teststeppass-label">T </span>Then logout from</div></div>]]]>
              </value>
            </param>
          </params>
          <reporter-output>
          </reporter-output>
        </test-method> <!-- afterMethod -->
        <test-method status="PASS" signature="afterMethod(org.testng.ITestContext, org.testng.ITestResult)[pri:0, instance:com.qmetry.qaf.automation.step.client.Scenario@3e8]" test-instance-name="Login to Dashboard with username and password" name="afterMethod" is-config="true" duration-ms="0" started-at="2019-01-04T16:40:24Z" finished-at="2019-01-04T16:40:24Z">
          <params>
            <param index="0">
              <value>
                <![CDATA[org.testng.TestRunner@71d44a3]]>
              </value>
            </param>
            <param index="1">
              <value>
                <![CDATA[[TestResult name=Login to Dashboard with username and password status=SUCCESS method=scenarios.verLoginLogout.bdd.Login to Dashboard with username and password()[pri:1000, instance:com.qmetry.qaf.automation.step.client.Scenario@3e8] output=<div style="display:block;margin-left:10px;"><div  class="teststeppass"><span class="teststeppass-label">T </span>Given get '/'</div><div  class="teststeppass"><span class="teststeppass-label">T </span>Then login with 'guest' and 'guest'</div></div>]]]>
              </value>
            </param>
          </params>
          <reporter-output>
          </reporter-output>
        </test-method> <!-- afterMethod -->
        <test-method status="PASS" signature="afterClass(org.testng.ITestContext)[pri:0, instance:com.qmetry.qaf.automation.step.client.Scenario@3e8]" test-instance-name="Login to Dashboard with username and password" name="afterClass" is-config="true" duration-ms="0" started-at="2019-01-04T16:40:24Z" finished-at="2019-01-04T16:40:24Z">
          <params>
            <param index="0">
              <value>
                <![CDATA[org.testng.TestRunner@71d44a3]]>
              </value>
            </param>
          </params>
          <reporter-output>
          </reporter-output>
        </test-method> <!-- afterClass -->
        <test-method status="PASS" signature="afterTest(org.testng.ITestContext)[pri:0, instance:com.qmetry.qaf.automation.step.client.Scenario@3e8]" test-instance-name="Navigate to story page" name="afterTest" is-config="true" duration-ms="81" started-at="2019-01-04T16:40:24Z" finished-at="2019-01-04T16:40:24Z">
          <params>
            <param index="0">
              <value>
                <![CDATA[org.testng.TestRunner@71d44a3]]>
              </value>
            </param>
          </params>
          <reporter-output>
          </reporter-output>
        </test-method> <!-- afterTest -->
      </class> <!-- com.qmetry.qaf.automation.step.client.Scenario -->
    </test> <!-- Test Story - Test 2 -->
    <test name="Test Story - Test 3" duration-ms="233061" started-at="2019-01-04T11:10:24Z" finished-at="2019-01-04T11:14:17Z">
      <class name="com.qmetry.qaf.automation.step.client.Scenario">
        <test-method status="PASS" signature="setupTest(org.testng.ITestContext)[pri:0, instance:com.qmetry.qaf.automation.step.client.Scenario@3e8]" test-instance-name="Navigate to story page" name="setupTest" is-config="true" duration-ms="1" started-at="2019-01-04T16:40:24Z" finished-at="2019-01-04T16:40:24Z">
          <params>
            <param index="0">
              <value>
                <![CDATA[org.testng.TestRunner@6ff65192]]>
              </value>
            </param>
          </params>
          <reporter-output>
          </reporter-output>
        </test-method> <!-- setupTest -->
        <test-method status="PASS" signature="setup(org.testng.ITestContext)[pri:0, instance:com.qmetry.qaf.automation.step.client.Scenario@3e8]" test-instance-name="Navigate to story page" name="setup" is-config="true" duration-ms="0" started-at="2019-01-04T16:40:24Z" finished-at="2019-01-04T16:40:24Z">
          <params>
            <param index="0">
              <value>
                <![CDATA[org.testng.TestRunner@6ff65192]]>
              </value>
            </param>
          </params>
          <reporter-output>
          </reporter-output>
        </test-method> <!-- setup -->
        <test-method status="PASS" signature="setupMethod(java.lang.reflect.Method, org.testng.ITestContext)[pri:0, instance:com.qmetry.qaf.automation.step.client.Scenario@3e8]" test-instance-name="Navigate to story page" name="setupMethod" is-config="true" duration-ms="2" started-at="2019-01-04T16:40:24Z" finished-at="2019-01-04T16:40:24Z">
          <params>
            <param index="0">
              <value>
                <![CDATA[public void com.qmetry.qaf.automation.step.client.Scenario.scenario()]]>
              </value>
            </param>
            <param index="1">
              <value>
                <![CDATA[org.testng.TestRunner@6ff65192]]>
              </value>
            </param>
          </params>
          <reporter-output>
          </reporter-output>
        </test-method> <!-- setupMethod -->
        <test-method status="PASS" signature="Navigate to story page()[pri:1000, instance:com.qmetry.qaf.automation.step.client.Scenario@3e8]" test-instance-name="Navigate to story page" name="Navigate to story page" duration-ms="7763" started-at="2019-01-04T16:40:24Z" description="verify login page" finished-at="2019-01-04T16:40:32Z">
          <reporter-output>
            <line>
              <![CDATA[<div style="display:block;margin-left:10px;"><div  class="teststeppass"><span class="teststeppass-label">T </span>Given get '/'</div><div  class="teststeppass"><span class="teststeppass-label">T </span>And assert 'loginpage.input.username' is visible</div><div style="display:block;margin-left:10px;"><div  class="pass"><span class="pass-label">P </span>Expected username input on Loginpage visible : Actual username input on Loginpage visible <a href="img/NavigateToStoryPage_146ibyb483jw846211.png" target="_blank">[View Screenshot]</a> </div></div><div  class="teststeppass"><span class="teststeppass-label">T </span>And assert 'loginpage.input.password' is visible</div><div style="display:block;margin-left:10px;"><div  class="pass"><span class="pass-label">P </span>Expected Password input on Loginpage visible : Actual Password input on Loginpage visible <a href="img/NavigateToStoryPage_7wh1ngab5md946212.png" target="_blank">[View Screenshot]</a> </div></div><div  class="teststeppass"><span class="teststeppass-label">T </span>And assert 'loginpage.heading.signon' is visible</div><div style="display:block;margin-left:10px;"><div  class="pass"><span class="pass-label">P </span>Expected signon heading visible : Actual signon heading visible <a href="img/NavigateToStoryPage_j8hoj0wwnhgg46213.png" target="_blank">[View Screenshot]</a> </div></div><div  class="teststeppass"><span class="teststeppass-label">T </span>And assert 'loginpage.heading.register' is visible</div><div style="display:block;margin-left:10px;"><div  class="pass"><span class="pass-label">P </span>Expected register heading visible : Actual register heading visible <a href="img/NavigateToStoryPage_52f0e3nhpjxk46214.png" target="_blank">[View Screenshot]</a> </div></div><div  class="teststeppass"><span class="teststeppass-label">T </span>And assert 'loginpage.heading.support' is visible</div><div style="display:block;margin-left:10px;"><div  class="pass"><span class="pass-label">P </span>Expected support heading visible : Actual support heading visible <a href="img/NavigateToStoryPage_heig41ji6xuv46215.png" target="_blank">[View Screenshot]</a> </div></div><div  class="teststeppass"><span class="teststeppass-label">T </span>And assert 'loginpage.heading.contact' is visible</div><div style="display:block;margin-left:10px;"><div  class="pass"><span class="pass-label">P </span>Expected By.xpath: //a[contains(text(),'CONTACT')] visible : Actual By.xpath: //a[contains(text(),'CONTACT')] visible <a href="img/NavigateToStoryPage_r007ptje61gw46216.png" target="_blank">[View Screenshot]</a> </div></div><div  class="teststeppass"><span class="teststeppass-label">T </span>And assert 'loginpage.leftmenu.home' is visible</div><div style="display:block;margin-left:10px;"><div  class="pass"><span class="pass-label">P </span>Expected home left menu visible : Actual home left menu visible <a href="img/NavigateToStoryPage_rmbn1pdjvr1a46217.png" target="_blank">[View Screenshot]</a> </div></div><div  class="teststeppass"><span class="teststeppass-label">T </span>And assert 'loginpage.leftmenu.flights' is visible</div><div style="display:block;margin-left:10px;"><div  class="pass"><span class="pass-label">P </span>Expected flights left menu visible : Actual flights left menu visible <a href="img/NavigateToStoryPage_1y08m9gaf7rom46218.png" target="_blank">[View Screenshot]</a> </div></div></div>]]>
            </line>
          </reporter-output>
        </test-method> <!-- Navigate to story page -->
        <test-method status="PASS" signature="afterClass(org.testng.ITestContext)[pri:0, instance:com.qmetry.qaf.automation.step.client.Scenario@3e8]" test-instance-name="Navigate to story page" name="afterClass" is-config="true" duration-ms="2" started-at="2019-01-04T16:40:32Z" finished-at="2019-01-04T16:40:32Z">
          <params>
            <param index="0">
              <value>
                <![CDATA[org.testng.TestRunner@6ff65192]]>
              </value>
            </param>
          </params>
          <reporter-output>
          </reporter-output>
        </test-method> <!-- afterClass -->
        <test-method status="PASS" signature="afterMethod(org.testng.ITestContext, org.testng.ITestResult)[pri:0, instance:com.qmetry.qaf.automation.step.client.Scenario@3e8]" test-instance-name="Navigate to story page" name="afterMethod" is-config="true" duration-ms="0" started-at="2019-01-04T16:40:32Z" finished-at="2019-01-04T16:40:32Z">
          <params>
            <param index="0">
              <value>
                <![CDATA[org.testng.TestRunner@6ff65192]]>
              </value>
            </param>
            <param index="1">
              <value>
                <![CDATA[[TestResult name=Navigate to story page status=SUCCESS method=scenarios.verLoginLogout.bdd.Navigate to story page()[pri:1000, instance:com.qmetry.qaf.automation.step.client.Scenario@3e8] output=<div style="display:block;margin-left:10px;"><div  class="teststeppass"><span class="teststeppass-label">T </span>Given get '/'</div><div  class="teststeppass"><span class="teststeppass-label">T </span>And assert 'loginpage.input.username' is visible</div><div style="display:block;margin-left:10px;"><div  class="pass"><span class="pass-label">P </span>Expected username input on Loginpage visible : Actual username input on Loginpage visible <a href="img/NavigateToStoryPage_146ibyb483jw846211.png" target="_blank">[View Screenshot]</a> </div></div><div  class="teststeppass"><span class="teststeppass-label">T </span>And assert 'loginpage.input.password' is visible</div><div style="display:block;margin-left:10px;"><div  class="pass"><span class="pass-label">P </span>Expected Password input on Loginpage visible : Actual Password input on Loginpage visible <a href="img/NavigateToStoryPage_7wh1ngab5md946212.png" target="_blank">[View Screenshot]</a> </div></div><div  class="teststeppass"><span class="teststeppass-label">T </span>And assert 'loginpage.heading.signon' is visible</div><div style="display:block;margin-left:10px;"><div  class="pass"><span class="pass-label">P </span>Expected signon heading visible : Actual signon heading visible <a href="img/NavigateToStoryPage_j8hoj0wwnhgg46213.png" target="_blank">[View Screenshot]</a> </div></div><div  class="teststeppass"><span class="teststeppass-label">T </span>And assert 'loginpage.heading.register' is visible</div><div style="display:block;margin-left:10px;"><div  class="pass"><span class="pass-label">P </span>Expected register heading visible : Actual register heading visible <a href="img/NavigateToStoryPage_52f0e3nhpjxk46214.png" target="_blank">[View Screenshot]</a> </div></div><div  class="teststeppass"><span class="teststeppass-label">T </span>And assert 'loginpage.heading.support' is visible</div><div style="display:block;margin-left:10px;"><div  class="pass"><span class="pass-label">P </span>Expected support heading visible : Actual support heading visible <a href="img/NavigateToStoryPage_heig41ji6xuv46215.png" target="_blank">[View Screenshot]</a> </div></div><div  class="teststeppass"><span class="teststeppass-label">T </span>And assert 'loginpage.heading.contact' is visible</div><div style="display:block;margin-left:10px;"><div  class="pass"><span class="pass-label">P </span>Expected By.xpath: //a[contains(text(),'CONTACT')] visible : Actual By.xpath: //a[contains(text(),'CONTACT')] visible <a href="img/NavigateToStoryPage_r007ptje61gw46216.png" target="_blank">[View Screenshot]</a> </div></div><div  class="teststeppass"><span class="teststeppass-label">T </span>And assert 'loginpage.leftmenu.home' is visible</div><div style="display:block;margin-left:10px;"><div  class="pass"><span class="pass-label">P </span>Expected home left menu visible : Actual home left menu visible <a href="img/NavigateToStoryPage_rmbn1pdjvr1a46217.png" target="_blank">[View Screenshot]</a> </div></div><div  class="teststeppass"><span class="teststeppass-label">T </span>And assert 'loginpage.leftmenu.flights' is visible</div><div style="display:block;margin-left:10px;"><div  class="pass"><span class="pass-label">P </span>Expected flights left menu visible : Actual flights left menu visible <a href="img/NavigateToStoryPage_1y08m9gaf7rom46218.png" target="_blank">[View Screenshot]</a> </div></div></div>]]]>
              </value>
            </param>
          </params>
          <reporter-output>
          </reporter-output>
        </test-method> <!-- afterMethod -->
        <test-method status="PASS" signature="setupMethod(java.lang.reflect.Method, org.testng.ITestContext)[pri:0, instance:com.qmetry.qaf.automation.step.client.Scenario@3e8]" test-instance-name="Logout from Dashboard" name="setupMethod" is-config="true" duration-ms="1" started-at="2019-01-04T16:40:32Z" finished-at="2019-01-04T16:40:32Z">
          <params>
            <param index="0">
              <value>
                <![CDATA[public void com.qmetry.qaf.automation.step.client.Scenario.scenario()]]>
              </value>
            </param>
            <param index="1">
              <value>
                <![CDATA[org.testng.TestRunner@6ff65192]]>
              </value>
            </param>
          </params>
          <reporter-output>
          </reporter-output>
        </test-method> <!-- setupMethod -->
        <test-method status="PASS" signature="setup(org.testng.ITestContext)[pri:0, instance:com.qmetry.qaf.automation.step.client.Scenario@3e8]" test-instance-name="Logout from Dashboard" name="setup" is-config="true" duration-ms="0" started-at="2019-01-04T16:40:32Z" finished-at="2019-01-04T16:40:32Z">
          <params>
            <param index="0">
              <value>
                <![CDATA[org.testng.TestRunner@6ff65192]]>
              </value>
            </param>
          </params>
          <reporter-output>
          </reporter-output>
        </test-method> <!-- setup -->
        <test-method status="PASS" signature="Logout from Dashboard()[pri:1000, instance:com.qmetry.qaf.automation.step.client.Scenario@3e8]" test-instance-name="Logout from Dashboard" name="Logout from Dashboard" duration-ms="147399" started-at="2019-01-04T16:40:32Z" description="navigation" finished-at="2019-01-04T16:42:59Z">
          <reporter-output>
            <line>
              <![CDATA[<div style="display:block;margin-left:10px;"><div  class="teststeppass"><span class="teststeppass-label">T </span>Given get '/'</div><div  class="teststeppass"><span class="teststeppass-label">T </span>Then login with 'guest' and 'guest'</div><div  class="teststeppass"><span class="teststeppass-label">T </span>Then logout from</div></div>]]>
            </line>
          </reporter-output>
        </test-method> <!-- Logout from Dashboard -->
        <test-method status="PASS" signature="Login to Dashboard with username and password()[pri:1000, instance:com.qmetry.qaf.automation.step.client.Scenario@3e8]" test-instance-name="Login to Dashboard with username and password" name="Login to Dashboard with username and password" duration-ms="77760" started-at="2019-01-04T16:42:59Z" description="login with correct user name password" finished-at="2019-01-04T16:44:17Z">
          <reporter-output>
            <line>
              <![CDATA[<div style="display:block;margin-left:10px;"><div  class="teststeppass"><span class="teststeppass-label">T </span>Given get '/'</div><div  class="teststeppass"><span class="teststeppass-label">T </span>Then login with 'guest' and 'guest'</div></div>]]>
            </line>
          </reporter-output>
        </test-method> <!-- Login to Dashboard with username and password -->
        <test-method status="PASS" signature="afterClass(org.testng.ITestContext)[pri:0, instance:com.qmetry.qaf.automation.step.client.Scenario@3e8]" test-instance-name="Logout from Dashboard" name="afterClass" is-config="true" duration-ms="0" started-at="2019-01-04T16:42:59Z" finished-at="2019-01-04T16:42:59Z">
          <params>
            <param index="0">
              <value>
                <![CDATA[org.testng.TestRunner@6ff65192]]>
              </value>
            </param>
          </params>
          <reporter-output>
          </reporter-output>
        </test-method> <!-- afterClass -->
        <test-method status="PASS" signature="setup(org.testng.ITestContext)[pri:0, instance:com.qmetry.qaf.automation.step.client.Scenario@3e8]" test-instance-name="Login to Dashboard with username and password" name="setup" is-config="true" duration-ms="0" started-at="2019-01-04T16:42:59Z" finished-at="2019-01-04T16:42:59Z">
          <params>
            <param index="0">
              <value>
                <![CDATA[org.testng.TestRunner@6ff65192]]>
              </value>
            </param>
          </params>
          <reporter-output>
          </reporter-output>
        </test-method> <!-- setup -->
        <test-method status="PASS" signature="afterMethod(org.testng.ITestContext, org.testng.ITestResult)[pri:0, instance:com.qmetry.qaf.automation.step.client.Scenario@3e8]" test-instance-name="Logout from Dashboard" name="afterMethod" is-config="true" duration-ms="0" started-at="2019-01-04T16:42:59Z" finished-at="2019-01-04T16:42:59Z">
          <params>
            <param index="0">
              <value>
                <![CDATA[org.testng.TestRunner@6ff65192]]>
              </value>
            </param>
            <param index="1">
              <value>
                <![CDATA[[TestResult name=Logout from Dashboard status=SUCCESS method=scenarios.verLoginLogout.bdd.Logout from Dashboard()[pri:1000, instance:com.qmetry.qaf.automation.step.client.Scenario@3e8] output=<div style="display:block;margin-left:10px;"><div  class="teststeppass"><span class="teststeppass-label">T </span>Given get '/'</div><div  class="teststeppass"><span class="teststeppass-label">T </span>Then login with 'guest' and 'guest'</div><div  class="teststeppass"><span class="teststeppass-label">T </span>Then logout from</div></div>]]]>
              </value>
            </param>
          </params>
          <reporter-output>
          </reporter-output>
        </test-method> <!-- afterMethod -->
        <test-method status="PASS" signature="setupMethod(java.lang.reflect.Method, org.testng.ITestContext)[pri:0, instance:com.qmetry.qaf.automation.step.client.Scenario@3e8]" test-instance-name="Login to Dashboard with username and password" name="setupMethod" is-config="true" duration-ms="0" started-at="2019-01-04T16:42:59Z" finished-at="2019-01-04T16:42:59Z">
          <params>
            <param index="0">
              <value>
                <![CDATA[public void com.qmetry.qaf.automation.step.client.Scenario.scenario()]]>
              </value>
            </param>
            <param index="1">
              <value>
                <![CDATA[org.testng.TestRunner@6ff65192]]>
              </value>
            </param>
          </params>
          <reporter-output>
          </reporter-output>
        </test-method> <!-- setupMethod -->
        <test-method status="PASS" signature="afterMethod(org.testng.ITestContext, org.testng.ITestResult)[pri:0, instance:com.qmetry.qaf.automation.step.client.Scenario@3e8]" test-instance-name="Login to Dashboard with username and password" name="afterMethod" is-config="true" duration-ms="0" started-at="2019-01-04T16:44:17Z" finished-at="2019-01-04T16:44:17Z">
          <params>
            <param index="0">
              <value>
                <![CDATA[org.testng.TestRunner@6ff65192]]>
              </value>
            </param>
            <param index="1">
              <value>
                <![CDATA[[TestResult name=Login to Dashboard with username and password status=SUCCESS method=scenarios.verLoginLogout.bdd.Login to Dashboard with username and password()[pri:1000, instance:com.qmetry.qaf.automation.step.client.Scenario@3e8] output=<div style="display:block;margin-left:10px;"><div  class="teststeppass"><span class="teststeppass-label">T </span>Given get '/'</div><div  class="teststeppass"><span class="teststeppass-label">T </span>Then login with 'guest' and 'guest'</div></div>]]]>
              </value>
            </param>
          </params>
          <reporter-output>
          </reporter-output>
        </test-method> <!-- afterMethod -->
        <test-method status="PASS" signature="afterTest(org.testng.ITestContext)[pri:0, instance:com.qmetry.qaf.automation.step.client.Scenario@3e8]" test-instance-name="Navigate to story page" name="afterTest" is-config="true" duration-ms="82" started-at="2019-01-04T16:44:17Z" finished-at="2019-01-04T16:44:17Z">
          <params>
            <param index="0">
              <value>
                <![CDATA[org.testng.TestRunner@6ff65192]]>
              </value>
            </param>
          </params>
          <reporter-output>
          </reporter-output>
        </test-method> <!-- afterTest -->
        <test-method status="PASS" signature="afterClass(org.testng.ITestContext)[pri:0, instance:com.qmetry.qaf.automation.step.client.Scenario@3e8]" test-instance-name="Login to Dashboard with username and password" name="afterClass" is-config="true" duration-ms="0" started-at="2019-01-04T16:44:17Z" finished-at="2019-01-04T16:44:17Z">
          <params>
            <param index="0">
              <value>
                <![CDATA[org.testng.TestRunner@6ff65192]]>
              </value>
            </param>
          </params>
          <reporter-output>
          </reporter-output>
        </test-method> <!-- afterClass -->
      </class> <!-- com.qmetry.qaf.automation.step.client.Scenario -->
    </test> <!-- Test Story - Test 3 -->
    <test name="Test Story - Test 4" duration-ms="15890" started-at="2019-01-04T11:14:17Z" finished-at="2019-01-04T11:14:33Z">
      <class name="com.qmetry.qaf.automation.step.client.DataDrivenScenario">
        <test-method status="PASS" signature="setupTest(org.testng.ITestContext)[pri:0, instance:com.qmetry.qaf.automation.step.client.DataDrivenScenario@3ee]" test-instance-name="Login with invalid username or/and password" name="setupTest" is-config="true" duration-ms="0" started-at="2019-01-04T16:44:17Z" finished-at="2019-01-04T16:44:17Z">
          <params>
            <param index="0">
              <value>
                <![CDATA[org.testng.TestRunner@7a560583]]>
              </value>
            </param>
          </params>
          <reporter-output>
          </reporter-output>
        </test-method> <!-- setupTest -->
        <test-method status="PASS" signature="setup(org.testng.ITestContext)[pri:0, instance:com.qmetry.qaf.automation.step.client.DataDrivenScenario@3ee]" test-instance-name="Login with invalid username or/and password" name="setup" is-config="true" duration-ms="0" started-at="2019-01-04T16:44:17Z" finished-at="2019-01-04T16:44:17Z">
          <params>
            <param index="0">
              <value>
                <![CDATA[org.testng.TestRunner@7a560583]]>
              </value>
            </param>
          </params>
          <reporter-output>
          </reporter-output>
        </test-method> <!-- setup -->
        <test-method status="PASS" signature="setupMethod(java.lang.reflect.Method, org.testng.ITestContext)[pri:0, instance:com.qmetry.qaf.automation.step.client.DataDrivenScenario@3ee]" test-instance-name="Login with invalid username or/and password" name="setupMethod" is-config="true" duration-ms="0" started-at="2019-01-04T16:44:17Z" finished-at="2019-01-04T16:44:17Z">
          <params>
            <param index="0">
              <value>
                <![CDATA[public void com.qmetry.qaf.automation.step.client.DataDrivenScenario.scenario(java.util.Map)]]>
              </value>
            </param>
            <param index="1">
              <value>
                <![CDATA[org.testng.TestRunner@7a560583]]>
              </value>
            </param>
          </params>
          <reporter-output>
          </reporter-output>
        </test-method> <!-- setupMethod -->
        <test-method status="PASS" signature="Login with invalid username or/and password( java.util.Map)[pri:1006, instance:com.qmetry.qaf.automation.step.client.DataDrivenScenario@3ee]" test-instance-name="Login with invalid username or/and password" name="Login with invalid username or/and password" duration-ms="7185" started-at="2019-01-04T16:44:17Z" finished-at="2019-01-04T16:44:24Z">
          <params>
            <param index="0">
              <value>
                <![CDATA[{index=1, username=guest, password=guest123, description='Invalid Username password', __index=1}]]>
              </value>
            </param>
          </params>
          <reporter-output>
            <line>
              <![CDATA[<div style="display:block;margin-left:10px;"><div  class="teststeppass"><span class="teststeppass-label">T </span>Given get '/'</div><div  class="teststeppass"><span class="teststeppass-label">T </span>Then login with invalid details ''${args[0]}''</div><div  class="teststeppass"><span class="teststeppass-label">T </span>And assert 'loginpage.heading.signon' is visible</div><div style="display:block;margin-left:10px;"><div  class="pass"><span class="pass-label">P </span>Expected signon heading visible : Actual signon heading visible <a href="img/LoginWithInvalidUsernameOrAndPassword_qqsxi4dzgjs546219.png" target="_blank">[View Screenshot]</a> </div></div><div  class="teststeppass"><span class="teststeppass-label">T </span>And assert 'DashBoard.link.signoff' is not visible</div><div style="display:block;margin-left:10px;"><div  class="pass"><span class="pass-label">P </span>Expected sign off link not visible : Actual sign off link not visible <a href="img/LoginWithInvalidUsernameOrAndPassword_1le537f68zrc246220.png" target="_blank">[View Screenshot]</a> </div></div></div>]]>
            </line>
          </reporter-output>
        </test-method> <!-- Login with invalid username or/and password -->
        <test-method status="PASS" signature="afterMethod(org.testng.ITestContext, org.testng.ITestResult)[pri:0, instance:com.qmetry.qaf.automation.step.client.DataDrivenScenario@3ee]" test-instance-name="Login with invalid username or/and password" name="afterMethod" is-config="true" duration-ms="0" started-at="2019-01-04T16:44:24Z" finished-at="2019-01-04T16:44:24Z">
          <params>
            <param index="0">
              <value>
                <![CDATA[org.testng.TestRunner@7a560583]]>
              </value>
            </param>
            <param index="1">
              <value>
                <![CDATA[[TestResult name=Login with invalid username or/and password status=SUCCESS method=scenarios.invalidUserLogin.bdd.Login with invalid username or/and password( java.util.Map)[pri:1006, instance:com.qmetry.qaf.automation.step.client.DataDrivenScenario@3ee] output=<div style="display:block;margin-left:10px;"><div  class="teststeppass"><span class="teststeppass-label">T </span>Given get '/'</div><div  class="teststeppass"><span class="teststeppass-label">T </span>Then login with invalid details ''${args[0]}''</div><div  class="teststeppass"><span class="teststeppass-label">T </span>And assert 'loginpage.heading.signon' is visible</div><div style="display:block;margin-left:10px;"><div  class="pass"><span class="pass-label">P </span>Expected signon heading visible : Actual signon heading visible <a href="img/LoginWithInvalidUsernameOrAndPassword_qqsxi4dzgjs546219.png" target="_blank">[View Screenshot]</a> </div></div><div  class="teststeppass"><span class="teststeppass-label">T </span>And assert 'DashBoard.link.signoff' is not visible</div><div style="display:block;margin-left:10px;"><div  class="pass"><span class="pass-label">P </span>Expected sign off link not visible : Actual sign off link not visible <a href="img/LoginWithInvalidUsernameOrAndPassword_1le537f68zrc246220.png" target="_blank">[View Screenshot]</a> </div></div></div>]]]>
              </value>
            </param>
          </params>
          <reporter-output>
          </reporter-output>
        </test-method> <!-- afterMethod -->
        <test-method status="PASS" signature="Login with invalid username or/and password( java.util.Map)[pri:1006, instance:com.qmetry.qaf.automation.step.client.DataDrivenScenario@3ee]" test-instance-name="Login with invalid username or/and password" name="Login with invalid username or/and password" duration-ms="4211" started-at="2019-01-04T16:44:24Z" finished-at="2019-01-04T16:44:29Z">
          <params>
            <param index="0">
              <value>
                <![CDATA[{index=2, username=guest123, password=guest, description='Invalid Username password', __index=2}]]>
              </value>
            </param>
          </params>
          <reporter-output>
            <line>
              <![CDATA[<div style="display:block;margin-left:10px;"><div  class="teststeppass"><span class="teststeppass-label">T </span>Given get '/'</div><div  class="teststeppass"><span class="teststeppass-label">T </span>Then login with invalid details ''${args[0]}''</div><div  class="teststeppass"><span class="teststeppass-label">T </span>And assert 'loginpage.heading.signon' is visible</div><div style="display:block;margin-left:10px;"><div  class="pass"><span class="pass-label">P </span>Expected signon heading visible : Actual signon heading visible <a href="img/LoginWithInvalidUsernameOrAndPassword_wu6vnh5cte2c46221.png" target="_blank">[View Screenshot]</a> </div></div><div  class="teststeppass"><span class="teststeppass-label">T </span>And assert 'DashBoard.link.signoff' is not visible</div><div style="display:block;margin-left:10px;"><div  class="pass"><span class="pass-label">P </span>Expected sign off link not visible : Actual sign off link not visible <a href="img/LoginWithInvalidUsernameOrAndPassword_1kyru5qd4pe4146222.png" target="_blank">[View Screenshot]</a> </div></div></div>]]>
            </line>
          </reporter-output>
        </test-method> <!-- Login with invalid username or/and password -->
        <test-method status="PASS" signature="setupMethod(java.lang.reflect.Method, org.testng.ITestContext)[pri:0, instance:com.qmetry.qaf.automation.step.client.DataDrivenScenario@3ee]" test-instance-name="Login with invalid username or/and password" name="setupMethod" is-config="true" duration-ms="0" started-at="2019-01-04T16:44:24Z" finished-at="2019-01-04T16:44:24Z">
          <params>
            <param index="0">
              <value>
                <![CDATA[public void com.qmetry.qaf.automation.step.client.DataDrivenScenario.scenario(java.util.Map)]]>
              </value>
            </param>
            <param index="1">
              <value>
                <![CDATA[org.testng.TestRunner@7a560583]]>
              </value>
            </param>
          </params>
          <reporter-output>
          </reporter-output>
        </test-method> <!-- setupMethod -->
        <test-method status="PASS" signature="setupMethod(java.lang.reflect.Method, org.testng.ITestContext)[pri:0, instance:com.qmetry.qaf.automation.step.client.DataDrivenScenario@3ee]" test-instance-name="Login with invalid username or/and password" name="setupMethod" is-config="true" duration-ms="0" started-at="2019-01-04T16:44:29Z" finished-at="2019-01-04T16:44:29Z">
          <params>
            <param index="0">
              <value>
                <![CDATA[public void com.qmetry.qaf.automation.step.client.DataDrivenScenario.scenario(java.util.Map)]]>
              </value>
            </param>
            <param index="1">
              <value>
                <![CDATA[org.testng.TestRunner@7a560583]]>
              </value>
            </param>
          </params>
          <reporter-output>
          </reporter-output>
        </test-method> <!-- setupMethod -->
        <test-method status="PASS" signature="Login with invalid username or/and password( java.util.Map)[pri:1006, instance:com.qmetry.qaf.automation.step.client.DataDrivenScenario@3ee]" test-instance-name="Login with invalid username or/and password" name="Login with invalid username or/and password" duration-ms="4292" started-at="2019-01-04T16:44:29Z" finished-at="2019-01-04T16:44:33Z">
          <params>
            <param index="0">
              <value>
                <![CDATA[{index=3, username=guest123, password=guest123, description='Invalid Username password', __index=3}]]>
              </value>
            </param>
          </params>
          <reporter-output>
            <line>
              <![CDATA[<div style="display:block;margin-left:10px;"><div  class="teststeppass"><span class="teststeppass-label">T </span>Given get '/'</div><div  class="teststeppass"><span class="teststeppass-label">T </span>Then login with invalid details ''${args[0]}''</div><div  class="teststeppass"><span class="teststeppass-label">T </span>And assert 'loginpage.heading.signon' is visible</div><div style="display:block;margin-left:10px;"><div  class="pass"><span class="pass-label">P </span>Expected signon heading visible : Actual signon heading visible <a href="img/LoginWithInvalidUsernameOrAndPassword_1tzh6sbqfocwb46223.png" target="_blank">[View Screenshot]</a> </div></div><div  class="teststeppass"><span class="teststeppass-label">T </span>And assert 'DashBoard.link.signoff' is not visible</div><div style="display:block;margin-left:10px;"><div  class="pass"><span class="pass-label">P </span>Expected sign off link not visible : Actual sign off link not visible <a href="img/LoginWithInvalidUsernameOrAndPassword_1c8we8cmnwygo46224.png" target="_blank">[View Screenshot]</a> </div></div></div>]]>
            </line>
          </reporter-output>
        </test-method> <!-- Login with invalid username or/and password -->
        <test-method status="PASS" signature="afterMethod(org.testng.ITestContext, org.testng.ITestResult)[pri:0, instance:com.qmetry.qaf.automation.step.client.DataDrivenScenario@3ee]" test-instance-name="Login with invalid username or/and password" name="afterMethod" is-config="true" duration-ms="0" started-at="2019-01-04T16:44:29Z" finished-at="2019-01-04T16:44:29Z">
          <params>
            <param index="0">
              <value>
                <![CDATA[org.testng.TestRunner@7a560583]]>
              </value>
            </param>
            <param index="1">
              <value>
                <![CDATA[[TestResult name=Login with invalid username or/and password status=SUCCESS method=scenarios.invalidUserLogin.bdd.Login with invalid username or/and password( java.util.Map)[pri:1006, instance:com.qmetry.qaf.automation.step.client.DataDrivenScenario@3ee] output=<div style="display:block;margin-left:10px;"><div  class="teststeppass"><span class="teststeppass-label">T </span>Given get '/'</div><div  class="teststeppass"><span class="teststeppass-label">T </span>Then login with invalid details ''${args[0]}''</div><div  class="teststeppass"><span class="teststeppass-label">T </span>And assert 'loginpage.heading.signon' is visible</div><div style="display:block;margin-left:10px;"><div  class="pass"><span class="pass-label">P </span>Expected signon heading visible : Actual signon heading visible <a href="img/LoginWithInvalidUsernameOrAndPassword_wu6vnh5cte2c46221.png" target="_blank">[View Screenshot]</a> </div></div><div  class="teststeppass"><span class="teststeppass-label">T </span>And assert 'DashBoard.link.signoff' is not visible</div><div style="display:block;margin-left:10px;"><div  class="pass"><span class="pass-label">P </span>Expected sign off link not visible : Actual sign off link not visible <a href="img/LoginWithInvalidUsernameOrAndPassword_1kyru5qd4pe4146222.png" target="_blank">[View Screenshot]</a> </div></div></div>]]]>
              </value>
            </param>
          </params>
          <reporter-output>
          </reporter-output>
        </test-method> <!-- afterMethod -->
        <test-method status="PASS" signature="afterMethod(org.testng.ITestContext, org.testng.ITestResult)[pri:0, instance:com.qmetry.qaf.automation.step.client.DataDrivenScenario@3ee]" test-instance-name="Login with invalid username or/and password" name="afterMethod" is-config="true" duration-ms="0" started-at="2019-01-04T16:44:33Z" finished-at="2019-01-04T16:44:33Z">
          <params>
            <param index="0">
              <value>
                <![CDATA[org.testng.TestRunner@7a560583]]>
              </value>
            </param>
            <param index="1">
              <value>
                <![CDATA[[TestResult name=Login with invalid username or/and password status=SUCCESS method=scenarios.invalidUserLogin.bdd.Login with invalid username or/and password( java.util.Map)[pri:1006, instance:com.qmetry.qaf.automation.step.client.DataDrivenScenario@3ee] output=<div style="display:block;margin-left:10px;"><div  class="teststeppass"><span class="teststeppass-label">T </span>Given get '/'</div><div  class="teststeppass"><span class="teststeppass-label">T </span>Then login with invalid details ''${args[0]}''</div><div  class="teststeppass"><span class="teststeppass-label">T </span>And assert 'loginpage.heading.signon' is visible</div><div style="display:block;margin-left:10px;"><div  class="pass"><span class="pass-label">P </span>Expected signon heading visible : Actual signon heading visible <a href="img/LoginWithInvalidUsernameOrAndPassword_1tzh6sbqfocwb46223.png" target="_blank">[View Screenshot]</a> </div></div><div  class="teststeppass"><span class="teststeppass-label">T </span>And assert 'DashBoard.link.signoff' is not visible</div><div style="display:block;margin-left:10px;"><div  class="pass"><span class="pass-label">P </span>Expected sign off link not visible : Actual sign off link not visible <a href="img/LoginWithInvalidUsernameOrAndPassword_1c8we8cmnwygo46224.png" target="_blank">[View Screenshot]</a> </div></div></div>]]]>
              </value>
            </param>
          </params>
          <reporter-output>
          </reporter-output>
        </test-method> <!-- afterMethod -->
[...]
          <params>
            <param index="0">
              <value>
                <![CDATA[org.testng.TestRunner@7a560583]]>
              </value>
            </param>
          </params>
          <reporter-output>
          </reporter-output>
        </test-method> <!-- afterTest -->
      </class> <!-- com.qmetry.qaf.automation.step.client.DataDrivenScenario -->
    </test> <!-- Test Story - Test 4 -->
    <test name="Test Story - Test 5" duration-ms="8025" started-at="2019-01-04T11:14:33Z" finished-at="2019-01-04T11:14:41Z">
      <class name="com.qmetry.qaf.automation.step.client.Scenario">
        <test-method status="PASS" signature="setupTest(org.testng.ITestContext)[pri:0, instance:com.qmetry.qaf.automation.step.client.Scenario@3ef]" test-instance-name="Click contact and verify information" name="setupTest" is-config="true" duration-ms="1" started-at="2019-01-04T16:44:33Z" finished-at="2019-01-04T16:44:33Z">
          <params>
            <param index="0">
              <value>
                <![CDATA[org.testng.TestRunner@319bc845]]>
              </value>
            </param>
          </params>
          <reporter-output>
          </reporter-output>
        </test-method> <!-- setupTest -->
        <test-method status="PASS" signature="setup(org.testng.ITestContext)[pri:0, instance:com.qmetry.qaf.automation.step.client.Scenario@3ef]" test-instance-name="Click contact and verify information" name="setup" is-config="true" duration-ms="0" started-at="2019-01-04T16:44:33Z" finished-at="2019-01-04T16:44:33Z">
          <params>
            <param index="0">
              <value>
                <![CDATA[org.testng.TestRunner@319bc845]]>
              </value>
            </param>
          </params>
          <reporter-output>
          </reporter-output>
        </test-method> <!-- setup -->
        <test-method status="PASS" signature="setupMethod(java.lang.reflect.Method, org.testng.ITestContext)[pri:0, instance:com.qmetry.qaf.automation.step.client.Scenario@3ef]" test-instance-name="Click contact and verify information" name="setupMethod" is-config="true" duration-ms="2" started-at="2019-01-04T16:44:33Z" finished-at="2019-01-04T16:44:33Z">
          <params>
            <param index="0">
              <value>
                <![CDATA[public void com.qmetry.qaf.automation.step.client.Scenario.scenario()]]>
              </value>
            </param>
            <param index="1">
              <value>
                <![CDATA[org.testng.TestRunner@319bc845]]>
              </value>
            </param>
          </params>
          <reporter-output>
          </reporter-output>
        </test-method> <!-- setupMethod -->
        <test-method status="PASS" signature="Click contact and verify information()[pri:1007, instance:com.qmetry.qaf.automation.step.client.Scenario@3ef]" test-instance-name="Click contact and verify information" name="Click contact and verify information" duration-ms="7943" started-at="2019-01-04T16:44:33Z" finished-at="2019-01-04T16:44:41Z">
          <reporter-output>
            <line>
              <![CDATA[<div style="display:block;margin-left:10px;"><div  class="teststeppass"><span class="teststeppass-label">T </span>Given get '/'</div><div  class="teststeppass"><span class="teststeppass-label">T </span>And assert 'loginpage.heading.contact' is visible</div><div style="display:block;margin-left:10px;"><div  class="pass"><span class="pass-label">P </span>Expected By.xpath: //a[contains(text(),'CONTACT')] visible : Actual By.xpath: //a[contains(text(),'CONTACT')] visible <a href="img/ClickContactAndVerifyInformation_1huf92x36fty546225.png" target="_blank">[View Screenshot]</a> </div></div><div  class="teststeppass"><span class="teststeppass-label">T </span>Then click on 'loginpage.heading.contact'</div><div  class="teststeppass"><span class="teststeppass-label">T </span>And assert 'contactpage.text.underConstruction' is visible</div><div style="display:block;margin-left:10px;"><div  class="pass"><span class="pass-label">P </span>Expected By.xpath: //font[@face='Arial, Helvetica, sans-serif'][@size='2'] visible : Actual By.xpath: //font[@face='Arial, Helvetica, sans-serif'][@size='2'] visible <a href="img/ClickContactAndVerifyInformation_ctjozarto25d46226.png" target="_blank">[View Screenshot]</a> </div></div><div  class="teststeppass"><span class="teststeppass-label">T </span>And  assert 'contactpage.button.backhome' is visible</div><div style="display:block;margin-left:10px;"><div  class="pass"><span class="pass-label">P </span>Expected By.xpath: //img[@src='/images/forms/home.gif'] visible : Actual By.xpath: //img[@src='/images/forms/home.gif'] visible <a href="img/ClickContactAndVerifyInformation_1sjmc6x87947h46227.png" target="_blank">[View Screenshot]</a> </div></div><div  class="teststeppass"><span class="teststeppass-label">T </span>Then click on 'contactpage.button.backhome'</div><div  class="teststeppass"><span class="teststeppass-label">T </span>And assert 'loginpage.input.username' is visible</div><div style="display:block;margin-left:10px;"><div  class="pass"><span class="pass-label">P </span>Expected username input on Loginpage visible : Actual username input on Loginpage visible <a href="img/ClickContactAndVerifyInformation_2kpp6m606qj446228.png" target="_blank">[View Screenshot]</a> </div></div></div>]]>
            </line>
          </reporter-output>
        </test-method> <!-- Click contact and verify information -->
        <test-method status="PASS" signature="afterMethod(org.testng.ITestContext, org.testng.ITestResult)[pri:0, instance:com.qmetry.qaf.automation.step.client.Scenario@3ef]" test-instance-name="Click contact and verify information" name="afterMethod" is-config="true" duration-ms="0" started-at="2019-01-04T16:44:41Z" finished-at="2019-01-04T16:44:41Z">
          <params>
            <param index="0">
              <value>
                <![CDATA[org.testng.TestRunner@319bc845]]>
              </value>
            </param>
            <param index="1">
              <value>
                <![CDATA[[TestResult name=Click contact and verify information status=SUCCESS method=scenarios.verifyContact.bdd.Click contact and verify information()[pri:1007, instance:com.qmetry.qaf.automation.step.client.Scenario@3ef] output=<div style="display:block;margin-left:10px;"><div  class="teststeppass"><span class="teststeppass-label">T </span>Given get '/'</div><div  class="teststeppass"><span class="teststeppass-label">T </span>And assert 'loginpage.heading.contact' is visible</div><div style="display:block;margin-left:10px;"><div  class="pass"><span class="pass-label">P </span>Expected By.xpath: //a[contains(text(),'CONTACT')] visible : Actual By.xpath: //a[contains(text(),'CONTACT')] visible <a href="img/ClickContactAndVerifyInformation_1huf92x36fty546225.png" target="_blank">[View Screenshot]</a> </div></div><div  class="teststeppass"><span class="teststeppass-label">T </span>Then click on 'loginpage.heading.contact'</div><div  class="teststeppass"><span class="teststeppass-label">T </span>And assert 'contactpage.text.underConstruction' is visible</div><div style="display:block;margin-left:10px;"><div  class="pass"><span class="pass-label">P </span>Expected By.xpath: //font[@face='Arial, Helvetica, sans-serif'][@size='2'] visible : Actual By.xpath: //font[@face='Arial, Helvetica, sans-serif'][@size='2'] visible <a href="img/ClickContactAndVerifyInformation_ctjozarto25d46226.png" target="_blank">[View Screenshot]</a> </div></div><div  class="teststeppass"><span class="teststeppass-label">T </span>And  assert 'contactpage.button.backhome' is visible</div><div style="display:block;margin-left:10px;"><div  class="pass"><span class="pass-label">P </span>Expected By.xpath: //img[@src='/images/forms/home.gif'] visible : Actual By.xpath: //img[@src='/images/forms/home.gif'] visible <a href="img/ClickContactAndVerifyInformation_1sjmc6x87947h46227.png" target="_blank">[View Screenshot]</a> </div></div><div  class="teststeppass"><span class="teststeppass-label">T </span>Then click on 'contactpage.button.backhome'</div><div  class="teststeppass"><span class="teststeppass-label">T </span>And assert 'loginpage.input.username' is visible</div><div style="display:block;margin-left:10px;"><div  class="pass"><span class="pass-label">P </span>Expected username input on Loginpage visible : Actual username input on Loginpage visible <a href="img/ClickContactAndVerifyInformation_2kpp6m606qj446228.png" target="_blank">[View Screenshot]</a> </div></div></div>]]]>
              </value>
            </param>
          </params>
          <reporter-output>
          </reporter-output>
        </test-method> <!-- afterMethod -->
        <test-method status="PASS" signature="afterClass(org.testng.ITestContext)[pri:0, instance:com.qmetry.qaf.automation.step.client.Scenario@3ef]" test-instance-name="Click contact and verify information" name="afterClass" is-config="true" duration-ms="1" started-at="2019-01-04T16:44:41Z" finished-at="2019-01-04T16:44:41Z">
          <params>
            <param index="0">
              <value>
                <![CDATA[org.testng.TestRunner@319bc845]]>
              </value>
            </param>
          </params>
          <reporter-output>
          </reporter-output>
        </test-method> <!-- afterClass -->
        <test-method status="PASS" signature="afterTest(org.testng.ITestContext)[pri:0, instance:com.qmetry.qaf.automation.step.client.Scenario@3ef]" test-instance-name="Click contact and verify information" name="afterTest" is-config="true" duration-ms="64" started-at="2019-01-04T16:44:41Z" finished-at="2019-01-04T16:44:41Z">
          <params>
            <param index="0">
              <value>
                <![CDATA[org.testng.TestRunner@319bc845]]>
              </value>
            </param>
          </params>
          <reporter-output>
          </reporter-output>
        </test-method> <!-- afterTest -->
      </class> <!-- com.qmetry.qaf.automation.step.client.Scenario -->
    </test> <!-- Test Story - Test 5 -->
    <test name="Test Story - Test 6" duration-ms="122940" started-at="2019-01-04T11:14:41Z" finished-at="2019-01-04T11:16:44Z">
      <class name="com.qmetry.qaf.automation.step.client.DataDrivenScenario">
        <test-method status="PASS" signature="setupSuit(org.testng.ITestContext)[pri:0, instance:com.qmetry.qaf.automation.step.client.DataDrivenScenario@3f0]" test-instance-name="Click signon and create user" name="setupSuit" is-config="true" duration-ms="30" started-at="2019-01-04T16:38:49Z" finished-at="2019-01-04T16:38:49Z">
          <params>
            <param index="0">
              <value>
                <![CDATA[org.testng.TestRunner@55182842]]>
              </value>
            </param>
          </params>
          <reporter-output>
          </reporter-output>
        </test-method> <!-- setupSuit -->
        <test-method status="PASS" signature="Click signon and create user( java.util.Map)[pri:1008, instance:com.qmetry.qaf.automation.step.client.DataDrivenScenario@3f0]" test-instance-name="Click signon and create user" name="Click signon and create user" duration-ms="122858" started-at="2019-01-04T16:44:41Z" finished-at="2019-01-04T16:46:44Z">
          <params>
            <param index="0">
              <value>
                <![CDATA[{index=1, fname=Elena, lname=Gilbert, phone='1234567890', email=abc@gmail.com, address=flat-007, baker street-202, address2=west side, city=New York, state=New York, postal='12345', country=UNITED STATES, username=Elena123, password=Elena123, msg=Dear Elena Gilbert,Thank you for registering. You may now sign-in using the user name and password you've just entered., description='Valid User Details', __index=1}]]>
              </value>
            </param>
          </params>
          <reporter-output>
            <line>
              <![CDATA[<div style="display:block;margin-left:10px;"><div  class="teststeppass"><span class="teststeppass-label">T </span>Given get '/'</div><div  class="teststeppass"><span class="teststeppass-label">T </span>And assert 'loginpage.heading.register' is visible</div><div style="display:block;margin-left:10px;"><div  class="pass"><span class="pass-label">P </span>Expected register heading visible : Actual register heading visible <a href="img/ClickSignonAndCreateUser_apj4pg1du3tj46229.png" target="_blank">[View Screenshot]</a> </div></div><div  class="teststeppass"><span class="teststeppass-label">T </span>Then click on 'loginpage.heading.register'</div><div  class="teststeppass"><span class="teststeppass-label">T </span>Then fill details in form ''${args[0]}''</div><div  class="teststeppass"><span class="teststeppass-label">T </span>And assert 'registrationpage.msg.success' is visible</div><div style="display:block;margin-left:10px;"><div  class="pass"><span class="pass-label">P </span>Expected By.xpath: //table[@width='492']/tbody/tr[3]/td visible : Actual By.xpath: //table[@width='492']/tbody/tr[3]/td visible <a href="img/ClickSignonAndCreateUser_1gwcvlzlpzm2b46230.png" target="_blank">[View Screenshot]</a> </div></div></div>]]>
            </line>
          </reporter-output>
        </test-method> <!-- Click signon and create user -->
        <test-method status="PASS" signature="setupMethod(java.lang.reflect.Method, org.testng.ITestContext)[pri:0, instance:com.qmetry.qaf.automation.step.client.DataDrivenScenario@3f0]" test-instance-name="Click signon and create user" name="setupMethod" is-config="true" duration-ms="0" started-at="2019-01-04T16:44:41Z" finished-at="2019-01-04T16:44:41Z">
          <params>
            <param index="0">
              <value>
                <![CDATA[public void com.qmetry.qaf.automation.step.client.DataDrivenScenario.scenario(java.util.Map)]]>
              </value>
            </param>
            <param index="1">
              <value>
                <![CDATA[org.testng.TestRunner@55182842]]>
              </value>
            </param>
          </params>
          <reporter-output>
          </reporter-output>
        </test-method> <!-- setupMethod -->
        <test-method status="PASS" signature="setup(org.testng.ITestContext)[pri:0, instance:com.qmetry.qaf.automation.step.client.DataDrivenScenario@3f0]" test-instance-name="Click signon and create user" name="setup" is-config="true" duration-ms="0" started-at="2019-01-04T16:44:41Z" finished-at="2019-01-04T16:44:41Z">
          <params>
            <param index="0">
              <value>
                <![CDATA[org.testng.TestRunner@55182842]]>
              </value>
            </param>
          </params>
          <reporter-output>
          </reporter-output>
        </test-method> <!-- setup -->
        <test-method status="PASS" signature="setupTest(org.testng.ITestContext)[pri:0, instance:com.qmetry.qaf.automation.step.client.DataDrivenScenario@3f0]" test-instance-name="Click signon and create user" name="setupTest" is-config="true" duration-ms="0" started-at="2019-01-04T16:44:41Z" finished-at="2019-01-04T16:44:41Z">
          <params>
            <param index="0">
              <value>
                <![CDATA[org.testng.TestRunner@55182842]]>
              </value>
            </param>
          </params>
          <reporter-output>
          </reporter-output>
        </test-method> <!-- setupTest -->
        <test-method status="PASS" signature="afterMethod(org.testng.ITestContext, org.testng.ITestResult)[pri:0, instance:com.qmetry.qaf.automation.step.client.DataDrivenScenario@3f0]" test-instance-name="Click signon and create user" name="afterMethod" is-config="true" duration-ms="1" started-at="2019-01-04T16:46:44Z" finished-at="2019-01-04T16:46:44Z">
          <params>
            <param index="0">
              <value>
                <![CDATA[org.testng.TestRunner@55182842]]>
              </value>
            </param>
            <param index="1">
              <value>
                <![CDATA[[TestResult name=Click signon and create user status=SUCCESS method=scenarios.createUser.bdd.Click signon and create user( java.util.Map)[pri:1008, instance:com.qmetry.qaf.automation.step.client.DataDrivenScenario@3f0] output=<div style="display:block;margin-left:10px;"><div  class="teststeppass"><span class="teststeppass-label">T </span>Given get '/'</div><div  class="teststeppass"><span class="teststeppass-label">T </span>And assert 'loginpage.heading.register' is visible</div><div style="display:block;margin-left:10px;"><div  class="pass"><span class="pass-label">P </span>Expected register heading visible : Actual register heading visible <a href="img/ClickSignonAndCreateUser_apj4pg1du3tj46229.png" target="_blank">[View Screenshot]</a> </div></div><div  class="teststeppass"><span class="teststeppass-label">T </span>Then click on 'loginpage.heading.register'</div><div  class="teststeppass"><span class="teststeppass-label">T </span>Then fill details in form ''${args[0]}''</div><div  class="teststeppass"><span class="teststeppass-label">T </span>And assert 'registrationpage.msg.success' is visible</div><div style="display:block;margin-left:10px;"><div  class="pass"><span class="pass-label">P </span>Expected By.xpath: //table[@width='492']/tbody/tr[3]/td visible : Actual By.xpath: //table[@width='492']/tbody/tr[3]/td visible <a href="img/ClickSignonAndCreateUser_1gwcvlzlpzm2b46230.png" target="_blank">[View Screenshot]</a> </div></div></div>]]]>
              </value>
            </param>
          </params>
          <reporter-output>
          </reporter-output>
        </test-method> <!-- afterMethod -->
        <test-method status="PASS" signature="afterTest(org.testng.ITestContext)[pri:0, instance:com.qmetry.qaf.automation.step.client.DataDrivenScenario@3f0]" test-instance-name="Click signon and create user" name="afterTest" is-config="true" duration-ms="65" started-at="2019-01-04T16:46:44Z" finished-at="2019-01-04T16:46:44Z">
          <params>
            <param index="0">
              <value>
                <![CDATA[org.testng.TestRunner@55182842]]>
              </value>
            </param>
          </params>
          <reporter-output>
          </reporter-output>
        </test-method> <!-- afterTest -->
        <test-method status="PASS" signature="afterClass(org.testng.ITestContext)[pri:0, instance:com.qmetry.qaf.automation.step.client.DataDrivenScenario@3f0]" test-instance-name="Click signon and create user" name="afterClass" is-config="true" duration-ms="0" started-at="2019-01-04T16:46:44Z" finished-at="2019-01-04T16:46:44Z">
          <params>
            <param index="0">
              <value>
                <![CDATA[org.testng.TestRunner@55182842]]>
              </value>
            </param>
          </params>
          <reporter-output>
          </reporter-output>
        </test-method> <!-- afterClass -->
        <test-method status="PASS" signature="afterSuit(org.testng.ITestContext)[pri:0, instance:com.qmetry.qaf.automation.step.client.DataDrivenScenario@3f0]" test-instance-name="Click signon and create user" name="afterSuit" is-config="true" duration-ms="0" started-at="2019-01-04T16:46:44Z" finished-at="2019-01-04T16:46:44Z">
          <params>
            <param index="0">
              <value>
                <![CDATA[org.testng.TestRunner@55182842]]>
              </value>
            </param>
          </params>
          <reporter-output>
          </reporter-output>
        </test-method> <!-- afterSuit -->
      </class> <!-- com.qmetry.qaf.automation.step.client.DataDrivenScenario -->
    </test> <!-- Test Story - Test 6 -->
  </suite> <!-- QAF Example -->
</testng-results>
