<?xml version="1.0" encoding="UTF-8"?>
<!-- Generated by org.testng.reporters.JUnitXMLReporter -->
<testsuite hostname="ICPL12616" ignored="1" name="Test Story - Test 4" tests="3" failures="0" timestamp="04 Jan 2019 10:36:38 GMT" time="16.023" errors="0">
  <testcase name="Login with invalid username or/and password" time="8.089" classname="com.qmetry.qaf.automation.step.client.DataDrivenScenario"/>
  <testcase name="Login with invalid username or/and password" time="3.835" classname="com.qmetry.qaf.automation.step.client.DataDrivenScenario"/>
  <testcase name="Login with invalid username or/and password" time="3.857" classname="com.qmetry.qaf.automation.step.client.DataDrivenScenario"/>
  <testcase name="Login with invalid username or/and password" time="0.0" classname="com.qmetry.qaf.automation.step.client.DataDrivenScenario">
    <ignored/>
  </testcase> <!-- Login with invalid username or/and password -->
</testsuite> <!-- Test Story - Test 4 -->
