<?xml version="1.0" encoding="UTF-8"?>
<!-- Generated by org.testng.reporters.JUnitXMLReporter -->
<testsuite hostname="ICPL12616" ignored="1" name="Test Story - Test 6" tests="1" failures="0" timestamp="04 Jan 2019 10:39:15 GMT" time="147.073" errors="0">
  <testcase name="Click signon and create user" time="146.988" classname="com.qmetry.qaf.automation.step.client.DataDrivenScenario"/>
  <testcase name="Click signon and create user" time="0.0" classname="com.qmetry.qaf.automation.step.client.DataDrivenScenario">
    <ignored/>
  </testcase> <!-- Click signon and create user -->
</testsuite> <!-- Test Story - Test 6 -->
