<?xml version="1.0" encoding="UTF-8"?>
<!-- Generated by org.testng.reporters.JUnitXMLReporter -->
<testsuite hostname="ICPL12616" ignored="0" name="Test Story - Test 3" tests="3" failures="0" timestamp="04 Jan 2019 10:36:22 GMT" time="366.415" errors="0">
  <testcase name="Navigate to story page" time="8.123" classname="com.qmetry.qaf.automation.step.client.Scenario"/>
  <testcase name="Logout from Dashboard" time="179.587" classname="com.qmetry.qaf.automation.step.client.Scenario"/>
  <testcase name="Login to Dashboard with username and password" time="178.547" classname="com.qmetry.qaf.automation.step.client.Scenario"/>
</testsuite> <!-- Test Story - Test 3 -->
