<?xml version="1.0" encoding="UTF-8"?>
<!-- Generated by org.testng.reporters.JUnitXMLReporter -->
<testsuite hostname="ICPL12616" ignored="6" name="Test Story - Test 1" tests="8" failures="0" timestamp="17 Dec 2018 08:03:09 GMT" time="60.206" errors="0">
  <testcase name="Navigate to story page" time="8.736" classname="com.qmetry.qaf.automation.step.client.Scenario"/>
  <testcase name="Logout from Dashboard" time="9.027" classname="com.qmetry.qaf.automation.step.client.Scenario"/>
  <testcase name="Login to Dashboard with username and password" time="6.074" classname="com.qmetry.qaf.automation.step.client.Scenario"/>
  <testcase name="Login with invalid username or/and password" time="3.944" classname="com.qmetry.qaf.automation.step.client.DataDrivenScenario"/>
  <testcase name="Login with invalid username or/and password" time="3.929" classname="com.qmetry.qaf.automation.step.client.DataDrivenScenario"/>
  <testcase name="Login with invalid username or/and password" time="4.208" classname="com.qmetry.qaf.automation.step.client.DataDrivenScenario"/>
  <testcase name="Click contact and verify information" time="5.287" classname="com.qmetry.qaf.automation.step.client.Scenario"/>
  <testcase name="Click signon and create user" time="18.715" classname="com.qmetry.qaf.automation.step.client.DataDrivenScenario"/>
  <testcase name="Login with invalid username or/and password" time="0.0" classname="com.qmetry.qaf.automation.step.client.DataDrivenScenario">
    <ignored/>
  </testcase> <!-- Login with invalid username or/and password -->
  <testcase name="Click signon and create user" time="0.0" classname="com.qmetry.qaf.automation.step.client.DataDrivenScenario">
    <ignored/>
  </testcase> <!-- Click signon and create user -->
  <testcase name="@BeforeTest setupTest" time="0.0" classname="com.qmetry.qaf.automation.testng.TestNGTestCase">
    <ignored/>
  </testcase> <!-- @BeforeTest setupTest -->
  <testcase name="@BeforeSuite setupSuit" time="0.0" classname="com.qmetry.qaf.automation.testng.TestNGTestCase">
    <ignored/>
  </testcase> <!-- @BeforeSuite setupSuit -->
  <testcase name="@AfterSuite afterSuit" time="0.0" classname="com.qmetry.qaf.automation.testng.TestNGTestCase">
    <ignored/>
  </testcase> <!-- @AfterSuite afterSuit -->
  <testcase name="@AfterTest afterTest" time="0.0" classname="com.qmetry.qaf.automation.ui.AbstractTestCase">
    <ignored/>
  </testcase> <!-- @AfterTest afterTest -->
</testsuite> <!-- Test Story - Test 1 -->
