<?xml version="1.0" encoding="UTF-8"?>
<!-- Generated by org.testng.reporters.JUnitXMLReporter -->
<testsuite hostname="ICPL12616" ignored="0" name="Test Story - Test 3" tests="3" failures="0" timestamp="04 Jan 2019 11:14:17 GMT" time="233.061" errors="0">
  <testcase name="Navigate to story page" time="7.763" classname="com.qmetry.qaf.automation.step.client.Scenario"/>
  <testcase name="Logout from Dashboard" time="147.399" classname="com.qmetry.qaf.automation.step.client.Scenario"/>
  <testcase name="Login to Dashboard with username and password" time="77.76" classname="com.qmetry.qaf.automation.step.client.Scenario"/>
</testsuite> <!-- Test Story - Test 3 -->
