<?xml version="1.0" encoding="UTF-8"?>
<!-- Generated by org.testng.reporters.JUnitXMLReporter -->
<testsuite hostname="ICPL12616" ignored="1" name="Test Story - Test 4" tests="3" failures="0" timestamp="04 Jan 2019 11:14:33 GMT" time="15.89" errors="0">
  <testcase name="Login with invalid username or/and password" time="7.185" classname="com.qmetry.qaf.automation.step.client.DataDrivenScenario"/>
  <testcase name="Login with invalid username or/and password" time="4.211" classname="com.qmetry.qaf.automation.step.client.DataDrivenScenario"/>
  <testcase name="Login with invalid username or/and password" time="4.292" classname="com.qmetry.qaf.automation.step.client.DataDrivenScenario"/>
  <testcase name="Login with invalid username or/and password" time="0.0" classname="com.qmetry.qaf.automation.step.client.DataDrivenScenario">
    <ignored/>
  </testcase> <!-- Login with invalid username or/and password -->
</testsuite> <!-- Test Story - Test 4 -->
