<?xml version="1.0" encoding="UTF-8"?>
<!-- Generated by org.testng.reporters.JUnitXMLReporter -->
<testsuite hostname="ICPL12616" ignored="0" name="Test Story - Test 2" tests="2" failures="1" timestamp="11 Dec 2018 11:48:30 GMT" time="70.987" errors="0">
  <testcase name="Navigate to story page" time="19.479" classname="com.qmetry.qaf.automation.step.client.Scenario">
    <failure type="java.lang.AssertionError">
      <![CDATA[java.lang.AssertionError
	at .And assert 'loginpage.heading.contact ' is visible(scenarios/suite1.bdd:13)
	at com.qmetry.qaf.automation.ui.webdriver.QAFExtendedWebElement.assertVisible(QAFExtendedWebElement.java:1031)
	at com.qmetry.qaf.automation.step.CommonStep.assertVisible_aroundBody20(CommonStep.java:262)
	at com.qmetry.qaf.automation.step.JavaStepReporter.javaTestStep(JavaStepReporter.java:101)
	at com.qmetry.qaf.automation.step.CommonStep.assertVisible(CommonStep.java:261)
	at com.qmetry.qaf.automation.step.JavaStep.doExecute(JavaStep.java:153)
	at com.qmetry.qaf.automation.step.BaseTestStep.execute(BaseTestStep.java:149)
	at com.qmetry.qaf.automation.step.StringTestStep.execute(StringTestStep.java:134)
	at com.qmetry.qaf.automation.step.client.Scenario.execute(Scenario.java:173)
	at com.qmetry.qaf.automation.step.client.Scenario.scenario(Scenario.java:225)
]]>
    </failure>
  </testcase> <!-- Navigate to story page -->
  <testcase name="Login to Dashboard" time="51.08" classname="com.qmetry.qaf.automation.step.client.Scenario"/>
</testsuite> <!-- Test Story - Test 2 -->
